<?xml version="1.0" encoding="UTF-8"?>
<testng-results ignored="0" total="1" passed="0" failed="0" skipped="1">
  <reporter-output>
  </reporter-output>
  <suite started-at="2023-02-22T22:47:20 IST" name="Default suite" finished-at="2023-02-22T22:49:49 IST" duration-ms="148807">
    <groups>
    </groups>
    <test started-at="2023-02-22T22:47:20 IST" name="Default test" finished-at="2023-02-22T22:49:49 IST" duration-ms="148807">
      <class name="com.pom.feb.automation.SmokeTest">
        <test-method is-config="true" signature="startup()[pri:0, instance:com.pom.feb.automation.SmokeTest@45099dd3]" started-at="2023-02-22T22:47:20 IST" name="startup" finished-at="2023-02-22T22:49:48 IST" duration-ms="148582" status="FAIL">
          <exception class="java.lang.StackOverflowError">
            <full-stacktrace>
              <![CDATA[java.lang.StackOverflowError
at java.base/java.net.URLStreamHandler.parseURL(URLStreamHandler.java:326)
at java.base/sun.net.www.protocol.file.Handler.parseURL(Handler.java:67)
at java.base/java.net.URL.<init>(URL.java:703)
at java.base/java.net.URL.<init>(URL.java:569)
at java.base/jdk.internal.loader.URLClassPath$FileLoader.getResource(URLClassPath.java:1239)
at java.base/jdk.internal.loader.URLClassPath$FileLoader.findResource(URLClassPath.java:1228)
at java.base/jdk.internal.loader.URLClassPath.findResource(URLClassPath.java:296)
at java.base/jdk.internal.loader.BuiltinClassLoader.findResourceOnClassPath(BuiltinClassLoader.java:537)
at java.base/jdk.internal.loader.BuiltinClassLoader.findResource(BuiltinClassLoader.java:355)
at java.base/java.lang.ClassLoader.getResource(ClassLoader.java:1403)
at java.base/java.lang.ClassLoader.getResourceAsStream(ClassLoader.java:1733)
at java.base/java.lang.Class.getResourceAsStream(Class.java:2850)
at io.github.bonigarcia.wdm.config.Config.getPropertyFrom(Config.java:342)
at io.github.bonigarcia.wdm.config.Config.getProperty(Config.java:327)
at io.github.bonigarcia.wdm.config.Config.resolver(Config.java:293)
at io.github.bonigarcia.wdm.config.Config.resolve(Config.java:280)
at io.github.bonigarcia.wdm.config.Config.getProxy(Config.java:683)
at io.github.bonigarcia.wdm.online.HttpClient.setupProxyIfRequired(HttpClient.java:179)
at io.github.bonigarcia.wdm.online.HttpClient.<init>(HttpClient.java:100)
at io.github.bonigarcia.wdm.WebDriverManager.getHttpClient(WebDriverManager.java:1645)
at io.github.bonigarcia.wdm.WebDriverManager.lambda$getVersionDetector$3(WebDriverManager.java:1657)
at java.base/java.util.Optional.orElseGet(Optional.java:364)
at io.github.bonigarcia.wdm.WebDriverManager.getVersionDetector(WebDriverManager.java:1656)
at io.github.bonigarcia.wdm.WebDriverManager.storeInResolutionCache(WebDriverManager.java:1300)
at io.github.bonigarcia.wdm.WebDriverManager.resolveDriverVersion(WebDriverManager.java:1254)
at io.github.bonigarcia.wdm.WebDriverManager.manage(WebDriverManager.java:1169)
at io.github.bonigarcia.wdm.WebDriverManager.setup(WebDriverManager.java:419)
at com.feb.drivers.ChromeDriverManager.CreateDriver(ChromeDriverManager.java:11)
at com.feb.drivers.ChromeDriverManager.CreateDriver(ChromeDriverManager.java:12)
at com.feb.drivers.ChromeDriverManager.CreateDriver(ChromeDriverManager.java:12)
at com.feb.drivers.ChromeDriverManager.CreateDriver(ChromeDriverManager.java:12)
at com.feb.drivers.ChromeDriverManager.CreateDriver(ChromeDriverManager.java:12)
at com.feb.drivers.ChromeDriverManager.CreateDriver(ChromeDriverManager.java:12)
at com.feb.drivers.ChromeDriverManager.CreateDriver(ChromeDriverManager.java:12)
at com.feb.drivers.ChromeDriverManager.CreateDriver(ChromeDriverManager.java:12)
at com.feb.drivers.ChromeDriverManager.CreateDriver(ChromeDriverManager.java:12)
at com.feb.drivers.ChromeDriverManager.CreateDriver(ChromeDriverManager.java:12)
at com.feb.drivers.ChromeDriverManager.CreateDriver(ChromeDriverManager.java:12)
at com.feb.drivers.ChromeDriverManager.CreateDriver(ChromeDriverManager.java:12)
at com.feb.drivers.ChromeDriverManager.CreateDriver(ChromeDriverManager.java:12)
at com.feb.drivers.ChromeDriverManager.CreateDriver(ChromeDriverManager.java:12)
at com.feb.drivers.ChromeDriverManager.CreateDriver(ChromeDriverManager.java:12)
at com.feb.drivers.ChromeDriverManager.CreateDriver(ChromeDriverManager.java:12)
at com.feb.drivers.ChromeDriverManager.CreateDriver(ChromeDriverManager.java:12)
at com.feb.drivers.ChromeDriverManager.CreateDriver(ChromeDriverManager.java:12)
at com.feb.drivers.ChromeDriverManager.CreateDriver(ChromeDriverManager.java:12)
at com.feb.drivers.ChromeDriverManager.CreateDriver(ChromeDriverManager.java:12)
at com.feb.drivers.ChromeDriverManager.CreateDriver(ChromeDriverManager.java:12)
at com.feb.drivers.ChromeDriverManager.CreateDriver(ChromeDriverManager.java:12)
at com.feb.drivers.ChromeDriverManager.CreateDriver(ChromeDriverManager.java:12)
at com.feb.drivers.ChromeDriverManager.CreateDriver(ChromeDriverManager.java:12)
at com.feb.drivers.ChromeDriverManager.CreateDriver(ChromeDriverManager.java:12)
at com.feb.drivers.ChromeDriverManager.CreateDriver(ChromeDriverManager.java:12)
at com.feb.drivers.ChromeDriverManager.CreateDriver(ChromeDriverManager.java:12)
at com.feb.drivers.ChromeDriverManager.CreateDriver(ChromeDriverManager.java:12)
at com.feb.drivers.ChromeDriverManager.CreateDriver(ChromeDriverManager.java:12)
at com.feb.drivers.ChromeDriverManager.CreateDriver(ChromeDriverManager.java:12)
at com.feb.drivers.ChromeDriverManager.CreateDriver(ChromeDriverManager.java:12)
at com.feb.drivers.ChromeDriverManager.CreateDriver(ChromeDriverManager.java:12)
at com.feb.drivers.ChromeDriverManager.CreateDriver(ChromeDriverManager.java:12)
at com.feb.drivers.ChromeDriverManager.CreateDriver(ChromeDriverManager.java:12)
at com.feb.drivers.ChromeDriverManager.CreateDriver(ChromeDriverManager.java:12)
at com.feb.drivers.ChromeDriverManager.CreateDriver(ChromeDriverManager.java:12)
at com.feb.drivers.ChromeDriverManager.CreateDriver(ChromeDriverManager.java:12)
at com.feb.drivers.ChromeDriverManager.CreateDriver(ChromeDriverManager.java:12)
at com.feb.drivers.ChromeDriverManager.CreateDriver(ChromeDriverManager.java:12)
at com.feb.drivers.ChromeDriverManager.CreateDriver(ChromeDriverManager.java:12)
at com.feb.drivers.ChromeDriverManager.CreateDriver(ChromeDriverManager.java:12)
at com.feb.drivers.ChromeDriverManager.CreateDriver(ChromeDriverManager.java:12)
at com.feb.drivers.ChromeDriverManager.CreateDriver(ChromeDriverManager.java:12)
at com.feb.drivers.ChromeDriverManager.CreateDriver(ChromeDriverManager.java:12)
at com.feb.drivers.ChromeDriverManager.CreateDriver(ChromeDriverManager.java:12)
at com.feb.drivers.ChromeDriverManager.CreateDriver(ChromeDriverManager.java:12)
at com.feb.drivers.ChromeDriverManager.CreateDriver(ChromeDriverManager.java:12)
at com.feb.drivers.ChromeDriverManager.CreateDriver(ChromeDriverManager.java:12)
at com.feb.drivers.ChromeDriverManager.CreateDriver(ChromeDriverManager.java:12)
at com.feb.drivers.ChromeDriverManager.CreateDriver(ChromeDriverManager.java:12)
at com.feb.drivers.ChromeDriverManager.CreateDriver(ChromeDriverManager.java:12)
at com.feb.drivers.ChromeDriverManager.CreateDriver(ChromeDriverManager.java:12)
at com.feb.drivers.ChromeDriverManager.CreateDriver(ChromeDriverManager.java:12)
at com.feb.drivers.ChromeDriverManager.CreateDriver(ChromeDriverManager.java:12)
at com.feb.drivers.ChromeDriverManager.CreateDriver(ChromeDriverManager.java:12)
at com.feb.drivers.ChromeDriverManager.CreateDriver(ChromeDriverManager.java:12)
at com.feb.drivers.ChromeDriverManager.CreateDriver(ChromeDriverManager.java:12)
at com.feb.drivers.ChromeDriverManager.CreateDriver(ChromeDriverManager.java:12)
at com.feb.drivers.ChromeDriverManager.CreateDriver(ChromeDriverManager.java:12)
at com.feb.drivers.ChromeDriverManager.CreateDriver(ChromeDriverManager.java:12)
at com.feb.drivers.ChromeDriverManager.CreateDriver(ChromeDriverManager.java:12)
at com.feb.drivers.ChromeDriverManager.CreateDriver(ChromeDriverManager.java:12)
at com.feb.drivers.ChromeDriverManager.CreateDriver(ChromeDriverManager.java:12)
at com.feb.drivers.ChromeDriverManager.CreateDriver(ChromeDriverManager.java:12)
at com.feb.drivers.ChromeDriverManager.CreateDriver(ChromeDriverManager.java:12)
at com.feb.drivers.ChromeDriverManager.CreateDriver(ChromeDriverManager.java:12)
at com.feb.drivers.ChromeDriverManager.CreateDriver(ChromeDriverManager.java:12)
at com.feb.drivers.ChromeDriverManager.CreateDriver(ChromeDriverManager.java:12)
at com.feb.drivers.ChromeDriverManager.CreateDriver(ChromeDriverManager.java:12)
at com.feb.drivers.ChromeDriverManager.CreateDriver(ChromeDriverManager.java:12)
at com.feb.drivers.ChromeDriverManager.CreateDriver(ChromeDriverManager.java:12)
at com.feb.drivers.ChromeDriverManager.CreateDriver(ChromeDriverManager.java:12)
at com.feb.drivers.ChromeDriverManager.CreateDriver(ChromeDriverManager.java:12)
at com.feb.drivers.ChromeDriverManager.CreateDriver(ChromeDriverManager.java:12)
at com.feb.drivers.ChromeDriverManager.CreateDriver(ChromeDriverManager.java:12)
at com.feb.drivers.ChromeDriverManager.CreateDriver(ChromeDriverManager.java:12)
at com.feb.drivers.ChromeDriverManager.CreateDriver(ChromeDriverManager.java:12)
at com.feb.drivers.ChromeDriverManager.CreateDriver(ChromeDriverManager.java:12)
at com.feb.drivers.ChromeDriverManager.CreateDriver(ChromeDriverManager.java:12)
at com.feb.drivers.ChromeDriverManager.CreateDriver(ChromeDriverManager.java:12)
at com.feb.drivers.ChromeDriverManager.CreateDriver(ChromeDriverManager.java:12)
at com.feb.drivers.ChromeDriverManager.CreateDriver(ChromeDriverManager.java:12)
at com.feb.drivers.ChromeDriverManager.CreateDriver(ChromeDriverManager.java:12)
at com.feb.drivers.ChromeDriverManager.CreateDriver(ChromeDriverManager.java:12)
at com.feb.drivers.ChromeDriverManager.CreateDriver(ChromeDriverManager.java:12)
at com.feb.drivers.ChromeDriverManager.CreateDriver(ChromeDriverManager.java:12)
at com.feb.drivers.ChromeDriverManager.CreateDriver(ChromeDriverManager.java:12)
at com.feb.drivers.ChromeDriverManager.CreateDriver(ChromeDriverManager.java:12)
at com.feb.drivers.ChromeDriverManager.CreateDriver(ChromeDriverManager.java:12)
at com.feb.drivers.ChromeDriverManager.CreateDriver(ChromeDriverManager.java:12)
at com.feb.drivers.ChromeDriverManager.CreateDriver(ChromeDriverManager.java:12)
at com.feb.drivers.ChromeDriverManager.CreateDriver(ChromeDriverManager.java:12)
at com.feb.drivers.ChromeDriverManager.CreateDriver(ChromeDriverManager.java:12)
at com.feb.drivers.ChromeDriverManager.CreateDriver(ChromeDriverManager.java:12)
at com.feb.drivers.ChromeDriverManager.CreateDriver(ChromeDriverManager.java:12)
at com.feb.drivers.ChromeDriverManager.CreateDriver(ChromeDriverManager.java:12)
at com.feb.drivers.ChromeDriverManager.CreateDriver(ChromeDriverManager.java:12)
at com.feb.drivers.ChromeDriverManager.CreateDriver(ChromeDriverManager.java:12)
at com.feb.drivers.ChromeDriverManager.CreateDriver(ChromeDriverManager.java:12)
at com.feb.drivers.ChromeDriverManager.CreateDriver(ChromeDriverManager.java:12)
at com.feb.drivers.ChromeDriverManager.CreateDriver(ChromeDriverManager.java:12)
at com.feb.drivers.ChromeDriverManager.CreateDriver(ChromeDriverManager.java:12)
at com.feb.drivers.ChromeDriverManager.CreateDriver(ChromeDriverManager.java:12)
at com.feb.drivers.ChromeDriverManager.CreateDriver(ChromeDriverManager.java:12)
at com.feb.drivers.ChromeDriverManager.CreateDriver(ChromeDriverManager.java:12)
at com.feb.drivers.ChromeDriverManager.CreateDriver(ChromeDriverManager.java:12)
at com.feb.drivers.ChromeDriverManager.CreateDriver(ChromeDriverManager.java:12)
at com.feb.drivers.ChromeDriverManager.CreateDriver(ChromeDriverManager.java:12)
at com.feb.drivers.ChromeDriverManager.CreateDriver(ChromeDriverManager.java:12)
at com.feb.drivers.ChromeDriverManager.CreateDriver(ChromeDriverManager.java:12)
at com.feb.drivers.ChromeDriverManager.CreateDriver(ChromeDriverManager.java:12)
at com.feb.drivers.ChromeDriverManager.CreateDriver(ChromeDriverManager.java:12)
at com.feb.drivers.ChromeDriverManager.CreateDriver(ChromeDriverManager.java:12)
at com.feb.drivers.ChromeDriverManager.CreateDriver(ChromeDriverManager.java:12)
at com.feb.drivers.ChromeDriverManager.CreateDriver(ChromeDriverManager.java:12)
at com.feb.drivers.ChromeDriverManager.CreateDriver(ChromeDriverManager.java:12)
at com.feb.drivers.ChromeDriverManager.CreateDriver(ChromeDriverManager.java:12)
at com.feb.drivers.ChromeDriverManager.CreateDriver(ChromeDriverManager.java:12)
at com.feb.drivers.ChromeDriverManager.CreateDriver(ChromeDriverManager.java:12)
at com.feb.drivers.ChromeDriverManager.CreateDriver(ChromeDriverManager.java:12)
at com.feb.drivers.ChromeDriverManager.CreateDriver(ChromeDriverManager.java:12)
at com.feb.drivers.ChromeDriverManager.CreateDriver(ChromeDriverManager.java:12)
at com.feb.drivers.ChromeDriverManager.CreateDriver(ChromeDriverManager.java:12)
at com.feb.drivers.ChromeDriverManager.CreateDriver(ChromeDriverManager.java:12)
at com.feb.drivers.ChromeDriverManager.CreateDriver(ChromeDriverManager.java:12)
at com.feb.drivers.ChromeDriverManager.CreateDriver(ChromeDriverManager.java:12)
at com.feb.drivers.ChromeDriverManager.CreateDriver(ChromeDriverManager.java:12)
at com.feb.drivers.ChromeDriverManager.CreateDriver(ChromeDriverManager.java:12)
at com.feb.drivers.ChromeDriverManager.CreateDriver(ChromeDriverManager.java:12)
at com.feb.drivers.ChromeDriverManager.CreateDriver(ChromeDriverManager.java:12)
at com.feb.drivers.ChromeDriverManager.CreateDriver(ChromeDriverManager.java:12)
at com.feb.drivers.ChromeDriverManager.CreateDriver(ChromeDriverManager.java:12)
at com.feb.drivers.ChromeDriverManager.CreateDriver(ChromeDriverManager.java:12)
at com.feb.drivers.ChromeDriverManager.CreateDriver(ChromeDriverManager.java:12)
at com.feb.drivers.ChromeDriverManager.CreateDriver(ChromeDriverManager.java:12)
at com.feb.drivers.ChromeDriverManager.CreateDriver(ChromeDriverManager.java:12)
at com.feb.drivers.ChromeDriverManager.CreateDriver(ChromeDriverManager.java:12)
at com.feb.drivers.ChromeDriverManager.CreateDriver(ChromeDriverManager.java:12)
at com.feb.drivers.ChromeDriverManager.CreateDriver(ChromeDriverManager.java:12)
at com.feb.drivers.ChromeDriverManager.CreateDriver(ChromeDriverManager.java:12)
at com.feb.drivers.ChromeDriverManager.CreateDriver(ChromeDriverManager.java:12)
at com.feb.drivers.ChromeDriverManager.CreateDriver(ChromeDriverManager.java:12)
at com.feb.drivers.ChromeDriverManager.CreateDriver(ChromeDriverManager.java:12)
at com.feb.drivers.ChromeDriverManager.CreateDriver(ChromeDriverManager.java:12)
at com.feb.drivers.ChromeDriverManager.CreateDriver(ChromeDriverManager.java:12)
at com.feb.drivers.ChromeDriverManager.CreateDriver(ChromeDriverManager.java:12)
at com.feb.drivers.ChromeDriverManager.CreateDriver(ChromeDriverManager.java:12)
at com.feb.drivers.ChromeDriverManager.CreateDriver(ChromeDriverManager.java:12)
at com.feb.drivers.ChromeDriverManager.CreateDriver(ChromeDriverManager.java:12)
at com.feb.drivers.ChromeDriverManager.CreateDriver(ChromeDriverManager.java:12)
at com.feb.drivers.ChromeDriverManager.CreateDriver(ChromeDriverManager.java:12)
at com.feb.drivers.ChromeDriverManager.CreateDriver(ChromeDriverManager.java:12)
at com.feb.drivers.ChromeDriverManager.CreateDriver(ChromeDriverManager.java:12)
at com.feb.drivers.ChromeDriverManager.CreateDriver(ChromeDriverManager.java:12)
at com.feb.drivers.ChromeDriverManager.CreateDriver(ChromeDriverManager.java:12)
at com.feb.drivers.ChromeDriverManager.CreateDriver(ChromeDriverManager.java:12)
at com.feb.drivers.ChromeDriverManager.CreateDriver(ChromeDriverManager.java:12)
at com.feb.drivers.ChromeDriverManager.CreateDriver(ChromeDriverManager.java:12)
at com.feb.drivers.ChromeDriverManager.CreateDriver(ChromeDriverManager.java:12)
at com.feb.drivers.ChromeDriverManager.CreateDriver(ChromeDriverManager.java:12)
at com.feb.drivers.ChromeDriverManager.CreateDriver(ChromeDriverManager.java:12)
at com.feb.drivers.ChromeDriverManager.CreateDriver(ChromeDriverManager.java:12)
at com.feb.drivers.ChromeDriverManager.CreateDriver(ChromeDriverManager.java:12)
at com.feb.drivers.ChromeDriverManager.CreateDriver(ChromeDriverManager.java:12)
at com.feb.drivers.ChromeDriverManager.CreateDriver(ChromeDriverManager.java:12)
at com.feb.drivers.ChromeDriverManager.CreateDriver(ChromeDriverManager.java:12)
at com.feb.drivers.ChromeDriverManager.CreateDriver(ChromeDriverManager.java:12)
at com.feb.drivers.ChromeDriverManager.CreateDriver(ChromeDriverManager.java:12)
at com.feb.drivers.ChromeDriverManager.CreateDriver(ChromeDriverManager.java:12)
at com.feb.drivers.ChromeDriverManager.CreateDriver(ChromeDriverManager.java:12)
at com.feb.drivers.ChromeDriverManager.CreateDriver(ChromeDriverManager.java:12)
at com.feb.drivers.ChromeDriverManager.CreateDriver(ChromeDriverManager.java:12)
at com.feb.drivers.ChromeDriverManager.CreateDriver(ChromeDriverManager.java:12)
at com.feb.drivers.ChromeDriverManager.CreateDriver(ChromeDriverManager.java:12)
at com.feb.drivers.ChromeDriverManager.CreateDriver(ChromeDriverManager.java:12)
at com.feb.drivers.ChromeDriverManager.CreateDriver(ChromeDriverManager.java:12)
at com.feb.drivers.ChromeDriverManager.CreateDriver(ChromeDriverManager.java:12)
at com.feb.drivers.ChromeDriverManager.CreateDriver(ChromeDriverManager.java:12)
at com.feb.drivers.ChromeDriverManager.CreateDriver(ChromeDriverManager.java:12)
at com.feb.drivers.ChromeDriverManager.CreateDriver(ChromeDriverManager.java:12)
at com.feb.drivers.ChromeDriverManager.CreateDriver(ChromeDriverManager.java:12)
at com.feb.drivers.ChromeDriverManager.CreateDriver(ChromeDriverManager.java:12)
at com.feb.drivers.ChromeDriverManager.CreateDriver(ChromeDriverManager.java:12)
at com.feb.drivers.ChromeDriverManager.CreateDriver(ChromeDriverManager.java:12)
at com.feb.drivers.ChromeDriverManager.CreateDriver(ChromeDriverManager.java:12)
at com.feb.drivers.ChromeDriverManager.CreateDriver(ChromeDriverManager.java:12)
at com.feb.drivers.ChromeDriverManager.CreateDriver(ChromeDriverManager.java:12)
at com.feb.drivers.ChromeDriverManager.CreateDriver(ChromeDriverManager.java:12)
at com.feb.drivers.ChromeDriverManager.CreateDriver(ChromeDriverManager.java:12)
at com.feb.drivers.ChromeDriverManager.CreateDriver(ChromeDriverManager.java:12)
at com.feb.drivers.ChromeDriverManager.CreateDriver(ChromeDriverManager.java:12)
at com.feb.drivers.ChromeDriverManager.CreateDriver(ChromeDriverManager.java:12)
at com.feb.drivers.ChromeDriverManager.CreateDriver(ChromeDriverManager.java:12)
at com.feb.drivers.ChromeDriverManager.CreateDriver(ChromeDriverManager.java:12)
at com.feb.drivers.ChromeDriverManager.CreateDriver(ChromeDriverManager.java:12)
at com.feb.drivers.ChromeDriverManager.CreateDriver(ChromeDriverManager.java:12)
at com.feb.drivers.ChromeDriverManager.CreateDriver(ChromeDriverManager.java:12)
at com.feb.drivers.ChromeDriverManager.CreateDriver(ChromeDriverManager.java:12)
at com.feb.drivers.ChromeDriverManager.CreateDriver(ChromeDriverManager.java:12)
at com.feb.drivers.ChromeDriverManager.CreateDriver(ChromeDriverManager.java:12)
at com.feb.drivers.ChromeDriverManager.CreateDriver(ChromeDriverManager.java:12)
at com.feb.drivers.ChromeDriverManager.CreateDriver(ChromeDriverManager.java:12)
at com.feb.drivers.ChromeDriverManager.CreateDriver(ChromeDriverManager.java:12)
at com.feb.drivers.ChromeDriverManager.CreateDriver(ChromeDriverManager.java:12)
at com.feb.drivers.ChromeDriverManager.CreateDriver(ChromeDriverManager.java:12)
at com.feb.drivers.ChromeDriverManager.CreateDriver(ChromeDriverManager.java:12)
at com.feb.drivers.ChromeDriverManager.CreateDriver(ChromeDriverManager.java:12)
at com.feb.drivers.ChromeDriverManager.CreateDriver(ChromeDriverManager.java:12)
at com.feb.drivers.ChromeDriverManager.CreateDriver(ChromeDriverManager.java:12)
at com.feb.drivers.ChromeDriverManager.CreateDriver(ChromeDriverManager.java:12)
at com.feb.drivers.ChromeDriverManager.CreateDriver(ChromeDriverManager.java:12)
at com.feb.drivers.ChromeDriverManager.CreateDriver(ChromeDriverManager.java:12)
at com.feb.drivers.ChromeDriverManager.CreateDriver(ChromeDriverManager.java:12)
at com.feb.drivers.ChromeDriverManager.CreateDriver(ChromeDriverManager.java:12)
at com.feb.drivers.ChromeDriverManager.CreateDriver(ChromeDriverManager.java:12)
at com.feb.drivers.ChromeDriverManager.CreateDriver(ChromeDriverManager.java:12)
at com.feb.drivers.ChromeDriverManager.CreateDriver(ChromeDriverManager.java:12)
at com.feb.drivers.ChromeDriverManager.CreateDriver(ChromeDriverManager.java:12)
at com.feb.drivers.ChromeDriverManager.CreateDriver(ChromeDriverManager.java:12)
at com.feb.drivers.ChromeDriverManager.CreateDriver(ChromeDriverManager.java:12)
at com.feb.drivers.ChromeDriverManager.CreateDriver(ChromeDriverManager.java:12)
at com.feb.drivers.ChromeDriverManager.CreateDriver(ChromeDriverManager.java:12)
at com.feb.drivers.ChromeDriverManager.CreateDriver(ChromeDriverManager.java:12)
at com.feb.drivers.ChromeDriverManager.CreateDriver(ChromeDriverManager.java:12)
at com.feb.drivers.ChromeDriverManager.CreateDriver(ChromeDriverManager.java:12)
at com.feb.drivers.ChromeDriverManager.CreateDriver(ChromeDriverManager.java:12)
at com.feb.drivers.ChromeDriverManager.CreateDriver(ChromeDriverManager.java:12)
at com.feb.drivers.ChromeDriverManager.CreateDriver(ChromeDriverManager.java:12)
at com.feb.drivers.ChromeDriverManager.CreateDriver(ChromeDriverManager.java:12)
at com.feb.drivers.ChromeDriverManager.CreateDriver(ChromeDriverManager.java:12)
at com.feb.drivers.ChromeDriverManager.CreateDriver(ChromeDriverManager.java:12)
at com.feb.drivers.ChromeDriverManager.CreateDriver(ChromeDriverManager.java:12)
at com.feb.drivers.ChromeDriverManager.CreateDriver(ChromeDriverManager.java:12)
at com.feb.drivers.ChromeDriverManager.CreateDriver(ChromeDriverManager.java:12)
at com.feb.drivers.ChromeDriverManager.CreateDriver(ChromeDriverManager.java:12)
at com.feb.drivers.ChromeDriverManager.CreateDriver(ChromeDriverManager.java:12)
at com.feb.drivers.ChromeDriverManager.CreateDriver(ChromeDriverManager.java:12)
at com.feb.drivers.ChromeDriverManager.CreateDriver(ChromeDriverManager.java:12)
at com.feb.drivers.ChromeDriverManager.CreateDriver(ChromeDriverManager.java:12)
at com.feb.drivers.ChromeDriverManager.CreateDriver(ChromeDriverManager.java:12)
at com.feb.drivers.ChromeDriverManager.CreateDriver(ChromeDriverManager.java:12)
at com.feb.drivers.ChromeDriverManager.CreateDriver(ChromeDriverManager.java:12)
at com.feb.drivers.ChromeDriverManager.CreateDriver(ChromeDriverManager.java:12)
at com.feb.drivers.ChromeDriverManager.CreateDriver(ChromeDriverManager.java:12)
at com.feb.drivers.ChromeDriverManager.CreateDriver(ChromeDriverManager.java:12)
at com.feb.drivers.ChromeDriverManager.CreateDriver(ChromeDriverManager.java:12)
at com.feb.drivers.ChromeDriverManager.CreateDriver(ChromeDriverManager.java:12)
at com.feb.drivers.ChromeDriverManager.CreateDriver(ChromeDriverManager.java:12)
at com.feb.drivers.ChromeDriverManager.CreateDriver(ChromeDriverManager.java:12)
at com.feb.drivers.ChromeDriverManager.CreateDriver(ChromeDriverManager.java:12)
at com.feb.drivers.ChromeDriverManager.CreateDriver(ChromeDriverManager.java:12)
at com.feb.drivers.ChromeDriverManager.CreateDriver(ChromeDriverManager.java:12)
at com.feb.drivers.ChromeDriverManager.CreateDriver(ChromeDriverManager.java:12)
at com.feb.drivers.ChromeDriverManager.CreateDriver(ChromeDriverManager.java:12)
at com.feb.drivers.ChromeDriverManager.CreateDriver(ChromeDriverManager.java:12)
at com.feb.drivers.ChromeDriverManager.CreateDriver(ChromeDriverManager.java:12)
at com.feb.drivers.ChromeDriverManager.CreateDriver(ChromeDriverManager.java:12)
at com.feb.drivers.ChromeDriverManager.CreateDriver(ChromeDriverManager.java:12)
at com.feb.drivers.ChromeDriverManager.CreateDriver(ChromeDriverManager.java:12)
at com.feb.drivers.ChromeDriverManager.CreateDriver(ChromeDriverManager.java:12)
at com.feb.drivers.ChromeDriverManager.CreateDriver(ChromeDriverManager.java:12)
at com.feb.drivers.ChromeDriverManager.CreateDriver(ChromeDriverManager.java:12)
at com.feb.drivers.ChromeDriverManager.CreateDriver(ChromeDriverManager.java:12)
at com.feb.drivers.ChromeDriverManager.CreateDriver(ChromeDriverManager.java:12)
at com.feb.drivers.ChromeDriverManager.CreateDriver(ChromeDriverManager.java:12)
at com.feb.drivers.ChromeDriverManager.CreateDriver(ChromeDriverManager.java:12)
at com.feb.drivers.ChromeDriverManager.CreateDriver(ChromeDriverManager.java:12)
at com.feb.drivers.ChromeDriverManager.CreateDriver(ChromeDriverManager.java:12)
at com.feb.drivers.ChromeDriverManager.CreateDriver(ChromeDriverManager.java:12)
at com.feb.drivers.ChromeDriverManager.CreateDriver(ChromeDriverManager.java:12)
at com.feb.drivers.ChromeDriverManager.CreateDriver(ChromeDriverManager.java:12)
at com.feb.drivers.ChromeDriverManager.CreateDriver(ChromeDriverManager.java:12)
at com.feb.drivers.ChromeDriverManager.CreateDriver(ChromeDriverManager.java:12)
at com.feb.drivers.ChromeDriverManager.CreateDriver(ChromeDriverManager.java:12)
at com.feb.drivers.ChromeDriverManager.CreateDriver(ChromeDriverManager.java:12)
at com.feb.drivers.ChromeDriverManager.CreateDriver(ChromeDriverManager.java:12)
at com.feb.drivers.ChromeDriverManager.CreateDriver(ChromeDriverManager.java:12)
at com.feb.drivers.ChromeDriverManager.CreateDriver(ChromeDriverManager.java:12)
at com.feb.drivers.ChromeDriverManager.CreateDriver(ChromeDriverManager.java:12)
at com.feb.drivers.ChromeDriverManager.CreateDriver(ChromeDriverManager.java:12)
at com.feb.drivers.ChromeDriverManager.CreateDriver(ChromeDriverManager.java:12)
at com.feb.drivers.ChromeDriverManager.CreateDriver(ChromeDriverManager.java:12)
at com.feb.drivers.ChromeDriverManager.CreateDriver(ChromeDriverManager.java:12)
at com.feb.drivers.ChromeDriverManager.CreateDriver(ChromeDriverManager.java:12)
at com.feb.drivers.ChromeDriverManager.CreateDriver(ChromeDriverManager.java:12)
at com.feb.drivers.ChromeDriverManager.CreateDriver(ChromeDriverManager.java:12)
at com.feb.drivers.ChromeDriverManager.CreateDriver(ChromeDriverManager.java:12)
at com.feb.drivers.ChromeDriverManager.CreateDriver(ChromeDriverManager.java:12)
at com.feb.drivers.ChromeDriverManager.CreateDriver(ChromeDriverManager.java:12)
at com.feb.drivers.ChromeDriverManager.CreateDriver(ChromeDriverManager.java:12)
at com.feb.drivers.ChromeDriverManager.CreateDriver(ChromeDriverManager.java:12)
at com.feb.drivers.ChromeDriverManager.CreateDriver(ChromeDriverManager.java:12)
at com.feb.drivers.ChromeDriverManager.CreateDriver(ChromeDriverManager.java:12)
at com.feb.drivers.ChromeDriverManager.CreateDriver(ChromeDriverManager.java:12)
at com.feb.drivers.ChromeDriverManager.CreateDriver(ChromeDriverManager.java:12)
at com.feb.drivers.ChromeDriverManager.CreateDriver(ChromeDriverManager.java:12)
at com.feb.drivers.ChromeDriverManager.CreateDriver(ChromeDriverManager.java:12)
at com.feb.drivers.ChromeDriverManager.CreateDriver(ChromeDriverManager.java:12)
at com.feb.drivers.ChromeDriverManager.CreateDriver(ChromeDriverManager.java:12)
at com.feb.drivers.ChromeDriverManager.CreateDriver(ChromeDriverManager.java:12)
at com.feb.drivers.ChromeDriverManager.CreateDriver(ChromeDriverManager.java:12)
at com.feb.drivers.ChromeDriverManager.CreateDriver(ChromeDriverManager.java:12)
at com.feb.drivers.ChromeDriverManager.CreateDriver(ChromeDriverManager.java:12)
at com.feb.drivers.ChromeDriverManager.CreateDriver(ChromeDriverManager.java:12)
at com.feb.drivers.ChromeDriverManager.CreateDriver(ChromeDriverManager.java:12)
at com.feb.drivers.ChromeDriverManager.CreateDriver(ChromeDriverManager.java:12)
at com.feb.drivers.ChromeDriverManager.CreateDriver(ChromeDriverManager.java:12)
at com.feb.drivers.ChromeDriverManager.CreateDriver(ChromeDriverManager.java:12)
at com.feb.drivers.ChromeDriverManager.CreateDriver(ChromeDriverManager.java:12)
at com.feb.drivers.ChromeDriverManager.CreateDriver(ChromeDriverManager.java:12)
at com.feb.drivers.ChromeDriverManager.CreateDriver(ChromeDriverManager.java:12)
at com.feb.drivers.ChromeDriverManager.CreateDriver(ChromeDriverManager.java:12)
at com.feb.drivers.ChromeDriverManager.CreateDriver(ChromeDriverManager.java:12)
at com.feb.drivers.ChromeDriverManager.CreateDriver(ChromeDriverManager.java:12)
at com.feb.drivers.ChromeDriverManager.CreateDriver(ChromeDriverManager.java:12)
at com.feb.drivers.ChromeDriverManager.CreateDriver(ChromeDriverManager.java:12)
at com.feb.drivers.ChromeDriverManager.CreateDriver(ChromeDriverManager.java:12)
at com.feb.drivers.ChromeDriverManager.CreateDriver(ChromeDriverManager.java:12)
at com.feb.drivers.ChromeDriverManager.CreateDriver(ChromeDriverManager.java:12)
at com.feb.drivers.ChromeDriverManager.CreateDriver(ChromeDriverManager.java:12)
at com.feb.drivers.ChromeDriverManager.CreateDriver(ChromeDriverManager.java:12)
at com.feb.drivers.ChromeDriverManager.CreateDriver(ChromeDriverManager.java:12)
at com.feb.drivers.ChromeDriverManager.CreateDriver(ChromeDriverManager.java:12)
at com.feb.drivers.ChromeDriverManager.CreateDriver(ChromeDriverManager.java:12)
at com.feb.drivers.ChromeDriverManager.CreateDriver(ChromeDriverManager.java:12)
at com.feb.drivers.ChromeDriverManager.CreateDriver(ChromeDriverManager.java:12)
at com.feb.drivers.ChromeDriverManager.CreateDriver(ChromeDriverManager.java:12)
at com.feb.drivers.ChromeDriverManager.CreateDriver(ChromeDriverManager.java:12)
at com.feb.drivers.ChromeDriverManager.CreateDriver(ChromeDriverManager.java:12)
at com.feb.drivers.ChromeDriverManager.CreateDriver(ChromeDriverManager.java:12)
at com.feb.drivers.ChromeDriverManager.CreateDriver(ChromeDriverManager.java:12)
at com.feb.drivers.ChromeDriverManager.CreateDriver(ChromeDriverManager.java:12)
at com.feb.drivers.ChromeDriverManager.CreateDriver(ChromeDriverManager.java:12)
at com.feb.drivers.ChromeDriverManager.CreateDriver(ChromeDriverManager.java:12)
at com.feb.drivers.ChromeDriverManager.CreateDriver(ChromeDriverManager.java:12)
at com.feb.drivers.ChromeDriverManager.CreateDriver(ChromeDriverManager.java:12)
at com.feb.drivers.ChromeDriverManager.CreateDriver(ChromeDriverManager.java:12)
at com.feb.drivers.ChromeDriverManager.CreateDriver(ChromeDriverManager.java:12)
at com.feb.drivers.ChromeDriverManager.CreateDriver(ChromeDriverManager.java:12)
at com.feb.drivers.ChromeDriverManager.CreateDriver(ChromeDriverManager.java:12)
at com.feb.drivers.ChromeDriverManager.CreateDriver(ChromeDriverManager.java:12)
at com.feb.drivers.ChromeDriverManager.CreateDriver(ChromeDriverManager.java:12)
at com.feb.drivers.ChromeDriverManager.CreateDriver(ChromeDriverManager.java:12)
at com.feb.drivers.ChromeDriverManager.CreateDriver(ChromeDriverManager.java:12)
at com.feb.drivers.ChromeDriverManager.CreateDriver(ChromeDriverManager.java:12)
at com.feb.drivers.ChromeDriverManager.CreateDriver(ChromeDriverManager.java:12)
at com.feb.drivers.ChromeDriverManager.CreateDriver(ChromeDriverManager.java:12)
at com.feb.drivers.ChromeDriverManager.CreateDriver(ChromeDriverManager.java:12)
at com.feb.drivers.ChromeDriverManager.CreateDriver(ChromeDriverManager.java:12)
at com.feb.drivers.ChromeDriverManager.CreateDriver(ChromeDriverManager.java:12)
at com.feb.drivers.ChromeDriverManager.CreateDriver(ChromeDriverManager.java:12)
at com.feb.drivers.ChromeDriverManager.CreateDriver(ChromeDriverManager.java:12)
at com.feb.drivers.ChromeDriverManager.CreateDriver(ChromeDriverManager.java:12)
at com.feb.drivers.ChromeDriverManager.CreateDriver(ChromeDriverManager.java:12)
at com.feb.drivers.ChromeDriverManager.CreateDriver(ChromeDriverManager.java:12)
at com.feb.drivers.ChromeDriverManager.CreateDriver(ChromeDriverManager.java:12)
at com.feb.drivers.ChromeDriverManager.CreateDriver(ChromeDriverManager.java:12)
at com.feb.drivers.ChromeDriverManager.CreateDriver(ChromeDriverManager.java:12)
at com.feb.drivers.ChromeDriverManager.CreateDriver(ChromeDriverManager.java:12)
at com.feb.drivers.ChromeDriverManager.CreateDriver(ChromeDriverManager.java:12)
at com.feb.drivers.ChromeDriverManager.CreateDriver(ChromeDriverManager.java:12)
at com.feb.drivers.ChromeDriverManager.CreateDriver(ChromeDriverManager.java:12)
at com.feb.drivers.ChromeDriverManager.CreateDriver(ChromeDriverManager.java:12)
at com.feb.drivers.ChromeDriverManager.CreateDriver(ChromeDriverManager.java:12)
at com.feb.drivers.ChromeDriverManager.CreateDriver(ChromeDriverManager.java:12)
at com.feb.drivers.ChromeDriverManager.CreateDriver(ChromeDriverManager.java:12)
at com.feb.drivers.ChromeDriverManager.CreateDriver(ChromeDriverManager.java:12)
at com.feb.drivers.ChromeDriverManager.CreateDriver(ChromeDriverManager.java:12)
at com.feb.drivers.ChromeDriverManager.CreateDriver(ChromeDriverManager.java:12)
at com.feb.drivers.ChromeDriverManager.CreateDriver(ChromeDriverManager.java:12)
at com.feb.drivers.ChromeDriverManager.CreateDriver(ChromeDriverManager.java:12)
at com.feb.drivers.ChromeDriverManager.CreateDriver(ChromeDriverManager.java:12)
at com.feb.drivers.ChromeDriverManager.CreateDriver(ChromeDriverManager.java:12)
at com.feb.drivers.ChromeDriverManager.CreateDriver(ChromeDriverManager.java:12)
at com.feb.drivers.ChromeDriverManager.CreateDriver(ChromeDriverManager.java:12)
at com.feb.drivers.ChromeDriverManager.CreateDriver(ChromeDriverManager.java:12)
at com.feb.drivers.ChromeDriverManager.CreateDriver(ChromeDriverManager.java:12)
at com.feb.drivers.ChromeDriverManager.CreateDriver(ChromeDriverManager.java:12)
at com.feb.drivers.ChromeDriverManager.CreateDriver(ChromeDriverManager.java:12)
at com.feb.drivers.ChromeDriverManager.CreateDriver(ChromeDriverManager.java:12)
at com.feb.drivers.ChromeDriverManager.CreateDriver(ChromeDriverManager.java:12)
at com.feb.drivers.ChromeDriverManager.CreateDriver(ChromeDriverManager.java:12)
at com.feb.drivers.ChromeDriverManager.CreateDriver(ChromeDriverManager.java:12)
at com.feb.drivers.ChromeDriverManager.CreateDriver(ChromeDriverManager.java:12)
at com.feb.drivers.ChromeDriverManager.CreateDriver(ChromeDriverManager.java:12)
at com.feb.drivers.ChromeDriverManager.CreateDriver(ChromeDriverManager.java:12)
at com.feb.drivers.ChromeDriverManager.CreateDriver(ChromeDriverManager.java:12)
at com.feb.drivers.ChromeDriverManager.CreateDriver(ChromeDriverManager.java:12)
at com.feb.drivers.ChromeDriverManager.CreateDriver(ChromeDriverManager.java:12)
at com.feb.drivers.ChromeDriverManager.CreateDriver(ChromeDriverManager.java:12)
at com.feb.drivers.ChromeDriverManager.CreateDriver(ChromeDriverManager.java:12)
at com.feb.drivers.ChromeDriverManager.CreateDriver(ChromeDriverManager.java:12)
at com.feb.drivers.ChromeDriverManager.CreateDriver(ChromeDriverManager.java:12)
at com.feb.drivers.ChromeDriverManager.CreateDriver(ChromeDriverManager.java:12)
at com.feb.drivers.ChromeDriverManager.CreateDriver(ChromeDriverManager.java:12)
at com.feb.drivers.ChromeDriverManager.CreateDriver(ChromeDriverManager.java:12)
at com.feb.drivers.ChromeDriverManager.CreateDriver(ChromeDriverManager.java:12)
at com.feb.drivers.ChromeDriverManager.CreateDriver(ChromeDriverManager.java:12)
at com.feb.drivers.ChromeDriverManager.CreateDriver(ChromeDriverManager.java:12)
at com.feb.drivers.ChromeDriverManager.CreateDriver(ChromeDriverManager.java:12)
at com.feb.drivers.ChromeDriverManager.CreateDriver(ChromeDriverManager.java:12)
at com.feb.drivers.ChromeDriverManager.CreateDriver(ChromeDriverManager.java:12)
at com.feb.drivers.ChromeDriverManager.CreateDriver(ChromeDriverManager.java:12)
at com.feb.drivers.ChromeDriverManager.CreateDriver(ChromeDriverManager.java:12)
at com.feb.drivers.ChromeDriverManager.CreateDriver(ChromeDriverManager.java:12)
at com.feb.drivers.ChromeDriverManager.CreateDriver(ChromeDriverManager.java:12)
at com.feb.drivers.ChromeDriverManager.CreateDriver(ChromeDriverManager.java:12)
at com.feb.drivers.ChromeDriverManager.CreateDriver(ChromeDriverManager.java:12)
at com.feb.drivers.ChromeDriverManager.CreateDriver(ChromeDriverManager.java:12)
at com.feb.drivers.ChromeDriverManager.CreateDriver(ChromeDriverManager.java:12)
at com.feb.drivers.ChromeDriverManager.CreateDriver(ChromeDriverManager.java:12)
at com.feb.drivers.ChromeDriverManager.CreateDriver(ChromeDriverManager.java:12)
at com.feb.drivers.ChromeDriverManager.CreateDriver(ChromeDriverManager.java:12)
at com.feb.drivers.ChromeDriverManager.CreateDriver(ChromeDriverManager.java:12)
at com.feb.drivers.ChromeDriverManager.CreateDriver(ChromeDriverManager.java:12)
at com.feb.drivers.ChromeDriverManager.CreateDriver(ChromeDriverManager.java:12)
at com.feb.drivers.ChromeDriverManager.CreateDriver(ChromeDriverManager.java:12)
at com.feb.drivers.ChromeDriverManager.CreateDriver(ChromeDriverManager.java:12)
at com.feb.drivers.ChromeDriverManager.CreateDriver(ChromeDriverManager.java:12)
at com.feb.drivers.ChromeDriverManager.CreateDriver(ChromeDriverManager.java:12)
at com.feb.drivers.ChromeDriverManager.CreateDriver(ChromeDriverManager.java:12)
at com.feb.drivers.ChromeDriverManager.CreateDriver(ChromeDriverManager.java:12)
at com.feb.drivers.ChromeDriverManager.CreateDriver(ChromeDriverManager.java:12)
at com.feb.drivers.ChromeDriverManager.CreateDriver(ChromeDriverManager.java:12)
at com.feb.drivers.ChromeDriverManager.CreateDriver(ChromeDriverManager.java:12)
at com.feb.drivers.ChromeDriverManager.CreateDriver(ChromeDriverManager.java:12)
at com.feb.drivers.ChromeDriverManager.CreateDriver(ChromeDriverManager.java:12)
at com.feb.drivers.ChromeDriverManager.CreateDriver(ChromeDriverManager.java:12)
at com.feb.drivers.ChromeDriverManager.CreateDriver(ChromeDriverManager.java:12)
at com.feb.drivers.ChromeDriverManager.CreateDriver(ChromeDriverManager.java:12)
at com.feb.drivers.ChromeDriverManager.CreateDriver(ChromeDriverManager.java:12)
at com.feb.drivers.ChromeDriverManager.CreateDriver(ChromeDriverManager.java:12)
at com.feb.drivers.ChromeDriverManager.CreateDriver(ChromeDriverManager.java:12)
at com.feb.drivers.ChromeDriverManager.CreateDriver(ChromeDriverManager.java:12)
at com.feb.drivers.ChromeDriverManager.CreateDriver(ChromeDriverManager.java:12)
at com.feb.drivers.ChromeDriverManager.CreateDriver(ChromeDriverManager.java:12)
at com.feb.drivers.ChromeDriverManager.CreateDriver(ChromeDriverManager.java:12)
at com.feb.drivers.ChromeDriverManager.CreateDriver(ChromeDriverManager.java:12)
at com.feb.drivers.ChromeDriverManager.CreateDriver(ChromeDriverManager.java:12)
at com.feb.drivers.ChromeDriverManager.CreateDriver(ChromeDriverManager.java:12)
at com.feb.drivers.ChromeDriverManager.CreateDriver(ChromeDriverManager.java:12)
at com.feb.drivers.ChromeDriverManager.CreateDriver(ChromeDriverManager.java:12)
at com.feb.drivers.ChromeDriverManager.CreateDriver(ChromeDriverManager.java:12)
at com.feb.drivers.ChromeDriverManager.CreateDriver(ChromeDriverManager.java:12)
at com.feb.drivers.ChromeDriverManager.CreateDriver(ChromeDriverManager.java:12)
at com.feb.drivers.ChromeDriverManager.CreateDriver(ChromeDriverManager.java:12)
at com.feb.drivers.ChromeDriverManager.CreateDriver(ChromeDriverManager.java:12)
at com.feb.drivers.ChromeDriverManager.CreateDriver(ChromeDriverManager.java:12)
at com.feb.drivers.ChromeDriverManager.CreateDriver(ChromeDriverManager.java:12)
at com.feb.drivers.ChromeDriverManager.CreateDriver(ChromeDriverManager.java:12)
at com.feb.drivers.ChromeDriverManager.CreateDriver(ChromeDriverManager.java:12)
at com.feb.drivers.ChromeDriverManager.CreateDriver(ChromeDriverManager.java:12)
at com.feb.drivers.ChromeDriverManager.CreateDriver(ChromeDriverManager.java:12)
at com.feb.drivers.ChromeDriverManager.CreateDriver(ChromeDriverManager.java:12)
at com.feb.drivers.ChromeDriverManager.CreateDriver(ChromeDriverManager.java:12)
at com.feb.drivers.ChromeDriverManager.CreateDriver(ChromeDriverManager.java:12)
at com.feb.drivers.ChromeDriverManager.CreateDriver(ChromeDriverManager.java:12)
at com.feb.drivers.ChromeDriverManager.CreateDriver(ChromeDriverManager.java:12)
at com.feb.drivers.ChromeDriverManager.CreateDriver(ChromeDriverManager.java:12)
at com.feb.drivers.ChromeDriverManager.CreateDriver(ChromeDriverManager.java:12)
at com.feb.drivers.ChromeDriverManager.CreateDriver(ChromeDriverManager.java:12)
at com.feb.drivers.ChromeDriverManager.CreateDriver(ChromeDriverManager.java:12)
at com.feb.drivers.ChromeDriverManager.CreateDriver(ChromeDriverManager.java:12)
at com.feb.drivers.ChromeDriverManager.CreateDriver(ChromeDriverManager.java:12)
at com.feb.drivers.ChromeDriverManager.CreateDriver(ChromeDriverManager.java:12)
at com.feb.drivers.ChromeDriverManager.CreateDriver(ChromeDriverManager.java:12)
at com.feb.drivers.ChromeDriverManager.CreateDriver(ChromeDriverManager.java:12)
at com.feb.drivers.ChromeDriverManager.CreateDriver(ChromeDriverManager.java:12)
at com.feb.drivers.ChromeDriverManager.CreateDriver(ChromeDriverManager.java:12)
at com.feb.drivers.ChromeDriverManager.CreateDriver(ChromeDriverManager.java:12)
at com.feb.drivers.ChromeDriverManager.CreateDriver(ChromeDriverManager.java:12)
at com.feb.drivers.ChromeDriverManager.CreateDriver(ChromeDriverManager.java:12)
at com.feb.drivers.ChromeDriverManager.CreateDriver(ChromeDriverManager.java:12)
at com.feb.drivers.ChromeDriverManager.CreateDriver(ChromeDriverManager.java:12)
at com.feb.drivers.ChromeDriverManager.CreateDriver(ChromeDriverManager.java:12)
at com.feb.drivers.ChromeDriverManager.CreateDriver(ChromeDriverManager.java:12)
at com.feb.drivers.ChromeDriverManager.CreateDriver(ChromeDriverManager.java:12)
at com.feb.drivers.ChromeDriverManager.CreateDriver(ChromeDriverManager.java:12)
at com.feb.drivers.ChromeDriverManager.CreateDriver(ChromeDriverManager.java:12)
at com.feb.drivers.ChromeDriverManager.CreateDriver(ChromeDriverManager.java:12)
at com.feb.drivers.ChromeDriverManager.CreateDriver(ChromeDriverManager.java:12)
at com.feb.drivers.ChromeDriverManager.CreateDriver(ChromeDriverManager.java:12)
at com.feb.drivers.ChromeDriverManager.CreateDriver(ChromeDriverManager.java:12)
at com.feb.drivers.ChromeDriverManager.CreateDriver(ChromeDriverManager.java:12)
at com.feb.drivers.ChromeDriverManager.CreateDriver(ChromeDriverManager.java:12)
at com.feb.drivers.ChromeDriverManager.CreateDriver(ChromeDriverManager.java:12)
at com.feb.drivers.ChromeDriverManager.CreateDriver(ChromeDriverManager.java:12)
at com.feb.drivers.ChromeDriverManager.CreateDriver(ChromeDriverManager.java:12)
at com.feb.drivers.ChromeDriverManager.CreateDriver(ChromeDriverManager.java:12)
at com.feb.drivers.ChromeDriverManager.CreateDriver(ChromeDriverManager.java:12)
at com.feb.drivers.ChromeDriverManager.CreateDriver(ChromeDriverManager.java:12)
at com.feb.drivers.ChromeDriverManager.CreateDriver(ChromeDriverManager.java:12)
at com.feb.drivers.ChromeDriverManager.CreateDriver(ChromeDriverManager.java:12)
at com.feb.drivers.ChromeDriverManager.CreateDriver(ChromeDriverManager.java:12)
at com.feb.drivers.ChromeDriverManager.CreateDriver(ChromeDriverManager.java:12)
at com.feb.drivers.ChromeDriverManager.CreateDriver(ChromeDriverManager.java:12)
at com.feb.drivers.ChromeDriverManager.CreateDriver(ChromeDriverManager.java:12)
at com.feb.drivers.ChromeDriverManager.CreateDriver(ChromeDriverManager.java:12)
at com.feb.drivers.ChromeDriverManager.CreateDriver(ChromeDriverManager.java:12)
at com.feb.drivers.ChromeDriverManager.CreateDriver(ChromeDriverManager.java:12)
at com.feb.drivers.ChromeDriverManager.CreateDriver(ChromeDriverManager.java:12)
at com.feb.drivers.ChromeDriverManager.CreateDriver(ChromeDriverManager.java:12)
at com.feb.drivers.ChromeDriverManager.CreateDriver(ChromeDriverManager.java:12)
at com.feb.drivers.ChromeDriverManager.CreateDriver(ChromeDriverManager.java:12)
at com.feb.drivers.ChromeDriverManager.CreateDriver(ChromeDriverManager.java:12)
at com.feb.drivers.ChromeDriverManager.CreateDriver(ChromeDriverManager.java:12)
at com.feb.drivers.ChromeDriverManager.CreateDriver(ChromeDriverManager.java:12)
at com.feb.drivers.ChromeDriverManager.CreateDriver(ChromeDriverManager.java:12)
at com.feb.drivers.ChromeDriverManager.CreateDriver(ChromeDriverManager.java:12)
at com.feb.drivers.ChromeDriverManager.CreateDriver(ChromeDriverManager.java:12)
at com.feb.drivers.ChromeDriverManager.CreateDriver(ChromeDriverManager.java:12)
at com.feb.drivers.ChromeDriverManager.CreateDriver(ChromeDriverManager.java:12)
at com.feb.drivers.ChromeDriverManager.CreateDriver(ChromeDriverManager.java:12)
at com.feb.drivers.ChromeDriverManager.CreateDriver(ChromeDriverManager.java:12)
at com.feb.drivers.ChromeDriverManager.CreateDriver(ChromeDriverManager.java:12)
at com.feb.drivers.ChromeDriverManager.CreateDriver(ChromeDriverManager.java:12)
at com.feb.drivers.ChromeDriverManager.CreateDriver(ChromeDriverManager.java:12)
at com.feb.drivers.ChromeDriverManager.CreateDriver(ChromeDriverManager.java:12)
at com.feb.drivers.ChromeDriverManager.CreateDriver(ChromeDriverManager.java:12)
at com.feb.drivers.ChromeDriverManager.CreateDriver(ChromeDriverManager.java:12)
at com.feb.drivers.ChromeDriverManager.CreateDriver(ChromeDriverManager.java:12)
at com.feb.drivers.ChromeDriverManager.CreateDriver(ChromeDriverManager.java:12)
at com.feb.drivers.ChromeDriverManager.CreateDriver(ChromeDriverManager.java:12)
at com.feb.drivers.ChromeDriverManager.CreateDriver(ChromeDriverManager.java:12)
at com.feb.drivers.ChromeDriverManager.CreateDriver(ChromeDriverManager.java:12)
at com.feb.drivers.ChromeDriverManager.CreateDriver(ChromeDriverManager.java:12)
at com.feb.drivers.ChromeDriverManager.CreateDriver(ChromeDriverManager.java:12)
at com.feb.drivers.ChromeDriverManager.CreateDriver(ChromeDriverManager.java:12)
at com.feb.drivers.ChromeDriverManager.CreateDriver(ChromeDriverManager.java:12)
at com.feb.drivers.ChromeDriverManager.CreateDriver(ChromeDriverManager.java:12)
at com.feb.drivers.ChromeDriverManager.CreateDriver(ChromeDriverManager.java:12)
at com.feb.drivers.ChromeDriverManager.CreateDriver(ChromeDriverManager.java:12)
at com.feb.drivers.ChromeDriverManager.CreateDriver(ChromeDriverManager.java:12)
at com.feb.drivers.ChromeDriverManager.CreateDriver(ChromeDriverManager.java:12)
at com.feb.drivers.ChromeDriverManager.CreateDriver(ChromeDriverManager.java:12)
at com.feb.drivers.ChromeDriverManager.CreateDriver(ChromeDriverManager.java:12)
at com.feb.drivers.ChromeDriverManager.CreateDriver(ChromeDriverManager.java:12)
at com.feb.drivers.ChromeDriverManager.CreateDriver(ChromeDriverManager.java:12)
at com.feb.drivers.ChromeDriverManager.CreateDriver(ChromeDriverManager.java:12)
at com.feb.drivers.ChromeDriverManager.CreateDriver(ChromeDriverManager.java:12)
at com.feb.drivers.ChromeDriverManager.CreateDriver(ChromeDriverManager.java:12)
at com.feb.drivers.ChromeDriverManager.CreateDriver(ChromeDriverManager.java:12)
at com.feb.drivers.ChromeDriverManager.CreateDriver(ChromeDriverManager.java:12)
at com.feb.drivers.ChromeDriverManager.CreateDriver(ChromeDriverManager.java:12)
at com.feb.drivers.ChromeDriverManager.CreateDriver(ChromeDriverManager.java:12)
at com.feb.drivers.ChromeDriverManager.CreateDriver(ChromeDriverManager.java:12)
at com.feb.drivers.ChromeDriverManager.CreateDriver(ChromeDriverManager.java:12)
at com.feb.drivers.ChromeDriverManager.CreateDriver(ChromeDriverManager.java:12)
at com.feb.drivers.ChromeDriverManager.CreateDriver(ChromeDriverManager.java:12)
at com.feb.drivers.ChromeDriverManager.CreateDriver(ChromeDriverManager.java:12)
at com.feb.drivers.ChromeDriverManager.CreateDriver(ChromeDriverManager.java:12)
at com.feb.drivers.ChromeDriverManager.CreateDriver(ChromeDriverManager.java:12)
at com.feb.drivers.ChromeDriverManager.CreateDriver(ChromeDriverManager.java:12)
at com.feb.drivers.ChromeDriverManager.CreateDriver(ChromeDriverManager.java:12)
at com.feb.drivers.ChromeDriverManager.CreateDriver(ChromeDriverManager.java:12)
at com.feb.drivers.ChromeDriverManager.CreateDriver(ChromeDriverManager.java:12)
at com.feb.drivers.ChromeDriverManager.CreateDriver(ChromeDriverManager.java:12)
at com.feb.drivers.ChromeDriverManager.CreateDriver(ChromeDriverManager.java:12)
at com.feb.drivers.ChromeDriverManager.CreateDriver(ChromeDriverManager.java:12)
at com.feb.drivers.ChromeDriverManager.CreateDriver(ChromeDriverManager.java:12)
at com.feb.drivers.ChromeDriverManager.CreateDriver(ChromeDriverManager.java:12)
at com.feb.drivers.ChromeDriverManager.CreateDriver(ChromeDriverManager.java:12)
at com.feb.drivers.ChromeDriverManager.CreateDriver(ChromeDriverManager.java:12)
at com.feb.drivers.ChromeDriverManager.CreateDriver(ChromeDriverManager.java:12)
at com.feb.drivers.ChromeDriverManager.CreateDriver(ChromeDriverManager.java:12)
at com.feb.drivers.ChromeDriverManager.CreateDriver(ChromeDriverManager.java:12)
at com.feb.drivers.ChromeDriverManager.CreateDriver(ChromeDriverManager.java:12)
at com.feb.drivers.ChromeDriverManager.CreateDriver(ChromeDriverManager.java:12)
at com.feb.drivers.ChromeDriverManager.CreateDriver(ChromeDriverManager.java:12)
at com.feb.drivers.ChromeDriverManager.CreateDriver(ChromeDriverManager.java:12)
at com.feb.drivers.ChromeDriverManager.CreateDriver(ChromeDriverManager.java:12)
at com.feb.drivers.ChromeDriverManager.CreateDriver(ChromeDriverManager.java:12)
at com.feb.drivers.ChromeDriverManager.CreateDriver(ChromeDriverManager.java:12)
at com.feb.drivers.ChromeDriverManager.CreateDriver(ChromeDriverManager.java:12)
at com.feb.drivers.ChromeDriverManager.CreateDriver(ChromeDriverManager.java:12)
at com.feb.drivers.ChromeDriverManager.CreateDriver(ChromeDriverManager.java:12)
at com.feb.drivers.ChromeDriverManager.CreateDriver(ChromeDriverManager.java:12)
at com.feb.drivers.ChromeDriverManager.CreateDriver(ChromeDriverManager.java:12)
at com.feb.drivers.ChromeDriverManager.CreateDriver(ChromeDriverManager.java:12)
at com.feb.drivers.ChromeDriverManager.CreateDriver(ChromeDriverManager.java:12)
at com.feb.drivers.ChromeDriverManager.CreateDriver(ChromeDriverManager.java:12)
at com.feb.drivers.ChromeDriverManager.CreateDriver(ChromeDriverManager.java:12)
at com.feb.drivers.ChromeDriverManager.CreateDriver(ChromeDriverManager.java:12)
at com.feb.drivers.ChromeDriverManager.CreateDriver(ChromeDriverManager.java:12)
at com.feb.drivers.ChromeDriverManager.CreateDriver(ChromeDriverManager.java:12)
at com.feb.drivers.ChromeDriverManager.CreateDriver(ChromeDriverManager.java:12)
at com.feb.drivers.ChromeDriverManager.CreateDriver(ChromeDriverManager.java:12)
at com.feb.drivers.ChromeDriverManager.CreateDriver(ChromeDriverManager.java:12)
at com.feb.drivers.ChromeDriverManager.CreateDriver(ChromeDriverManager.java:12)
at com.feb.drivers.ChromeDriverManager.CreateDriver(ChromeDriverManager.java:12)
at com.feb.drivers.ChromeDriverManager.CreateDriver(ChromeDriverManager.java:12)
at com.feb.drivers.ChromeDriverManager.CreateDriver(ChromeDriverManager.java:12)
at com.feb.drivers.ChromeDriverManager.CreateDriver(ChromeDriverManager.java:12)
at com.feb.drivers.ChromeDriverManager.CreateDriver(ChromeDriverManager.java:12)
at com.feb.drivers.ChromeDriverManager.CreateDriver(ChromeDriverManager.java:12)
at com.feb.drivers.ChromeDriverManager.CreateDriver(ChromeDriverManager.java:12)
at com.feb.drivers.ChromeDriverManager.CreateDriver(ChromeDriverManager.java:12)
at com.feb.drivers.ChromeDriverManager.CreateDriver(ChromeDriverManager.java:12)
at com.feb.drivers.ChromeDriverManager.CreateDriver(ChromeDriverManager.java:12)
at com.feb.drivers.ChromeDriverManager.CreateDriver(ChromeDriverManager.java:12)
at com.feb.drivers.ChromeDriverManager.CreateDriver(ChromeDriverManager.java:12)
at com.feb.drivers.ChromeDriverManager.CreateDriver(ChromeDriverManager.java:12)
at com.feb.drivers.ChromeDriverManager.CreateDriver(ChromeDriverManager.java:12)
at com.feb.drivers.ChromeDriverManager.CreateDriver(ChromeDriverManager.java:12)
at com.feb.drivers.ChromeDriverManager.CreateDriver(ChromeDriverManager.java:12)
at com.feb.drivers.ChromeDriverManager.CreateDriver(ChromeDriverManager.java:12)
at com.feb.drivers.ChromeDriverManager.CreateDriver(ChromeDriverManager.java:12)
at com.feb.drivers.ChromeDriverManager.CreateDriver(ChromeDriverManager.java:12)
at com.feb.drivers.ChromeDriverManager.CreateDriver(ChromeDriverManager.java:12)
at com.feb.drivers.ChromeDriverManager.CreateDriver(ChromeDriverManager.java:12)
at com.feb.drivers.ChromeDriverManager.CreateDriver(ChromeDriverManager.java:12)
at com.feb.drivers.ChromeDriverManager.CreateDriver(ChromeDriverManager.java:12)
at com.feb.drivers.ChromeDriverManager.CreateDriver(ChromeDriverManager.java:12)
at com.feb.drivers.ChromeDriverManager.CreateDriver(ChromeDriverManager.java:12)
at com.feb.drivers.ChromeDriverManager.CreateDriver(ChromeDriverManager.java:12)
at com.feb.drivers.ChromeDriverManager.CreateDriver(ChromeDriverManager.java:12)
at com.feb.drivers.ChromeDriverManager.CreateDriver(ChromeDriverManager.java:12)
at com.feb.drivers.ChromeDriverManager.CreateDriver(ChromeDriverManager.java:12)
at com.feb.drivers.ChromeDriverManager.CreateDriver(ChromeDriverManager.java:12)
at com.feb.drivers.ChromeDriverManager.CreateDriver(ChromeDriverManager.java:12)
at com.feb.drivers.ChromeDriverManager.CreateDriver(ChromeDriverManager.java:12)
at com.feb.drivers.ChromeDriverManager.CreateDriver(ChromeDriverManager.java:12)
at com.feb.drivers.ChromeDriverManager.CreateDriver(ChromeDriverManager.java:12)
at com.feb.drivers.ChromeDriverManager.CreateDriver(ChromeDriverManager.java:12)
at com.feb.drivers.ChromeDriverManager.CreateDriver(ChromeDriverManager.java:12)
at com.feb.drivers.ChromeDriverManager.CreateDriver(ChromeDriverManager.java:12)
at com.feb.drivers.ChromeDriverManager.CreateDriver(ChromeDriverManager.java:12)
at com.feb.drivers.ChromeDriverManager.CreateDriver(ChromeDriverManager.java:12)
at com.feb.drivers.ChromeDriverManager.CreateDriver(ChromeDriverManager.java:12)
at com.feb.drivers.ChromeDriverManager.CreateDriver(ChromeDriverManager.java:12)
at com.feb.drivers.ChromeDriverManager.CreateDriver(ChromeDriverManager.java:12)
at com.feb.drivers.ChromeDriverManager.CreateDriver(ChromeDriverManager.java:12)
at com.feb.drivers.ChromeDriverManager.CreateDriver(ChromeDriverManager.java:12)
at com.feb.drivers.ChromeDriverManager.CreateDriver(ChromeDriverManager.java:12)
at com.feb.drivers.ChromeDriverManager.CreateDriver(ChromeDriverManager.java:12)
at com.feb.drivers.ChromeDriverManager.CreateDriver(ChromeDriverManager.java:12)
at com.feb.drivers.ChromeDriverManager.CreateDriver(ChromeDriverManager.java:12)
at com.feb.drivers.ChromeDriverManager.CreateDriver(ChromeDriverManager.java:12)
at com.feb.drivers.ChromeDriverManager.CreateDriver(ChromeDriverManager.java:12)
at com.feb.drivers.ChromeDriverManager.CreateDriver(ChromeDriverManager.java:12)
at com.feb.drivers.ChromeDriverManager.CreateDriver(ChromeDriverManager.java:12)
at com.feb.drivers.ChromeDriverManager.CreateDriver(ChromeDriverManager.java:12)
at com.feb.drivers.ChromeDriverManager.CreateDriver(ChromeDriverManager.java:12)
at com.feb.drivers.ChromeDriverManager.CreateDriver(ChromeDriverManager.java:12)
at com.feb.drivers.ChromeDriverManager.CreateDriver(ChromeDriverManager.java:12)
at com.feb.drivers.ChromeDriverManager.CreateDriver(ChromeDriverManager.java:12)
at com.feb.drivers.ChromeDriverManager.CreateDriver(ChromeDriverManager.java:12)
at com.feb.drivers.ChromeDriverManager.CreateDriver(ChromeDriverManager.java:12)
at com.feb.drivers.ChromeDriverManager.CreateDriver(ChromeDriverManager.java:12)
at com.feb.drivers.ChromeDriverManager.CreateDriver(ChromeDriverManager.java:12)
at com.feb.drivers.ChromeDriverManager.CreateDriver(ChromeDriverManager.java:12)
at com.feb.drivers.ChromeDriverManager.CreateDriver(ChromeDriverManager.java:12)
at com.feb.drivers.ChromeDriverManager.CreateDriver(ChromeDriverManager.java:12)
at com.feb.drivers.ChromeDriverManager.CreateDriver(ChromeDriverManager.java:12)
at com.feb.drivers.ChromeDriverManager.CreateDriver(ChromeDriverManager.java:12)
at com.feb.drivers.ChromeDriverManager.CreateDriver(ChromeDriverManager.java:12)
at com.feb.drivers.ChromeDriverManager.CreateDriver(ChromeDriverManager.java:12)
at com.feb.drivers.ChromeDriverManager.CreateDriver(ChromeDriverManager.java:12)
at com.feb.drivers.ChromeDriverManager.CreateDriver(ChromeDriverManager.java:12)
at com.feb.drivers.ChromeDriverManager.CreateDriver(ChromeDriverManager.java:12)
at com.feb.drivers.ChromeDriverManager.CreateDriver(ChromeDriverManager.java:12)
at com.feb.drivers.ChromeDriverManager.CreateDriver(ChromeDriverManager.java:12)
at com.feb.drivers.ChromeDriverManager.CreateDriver(ChromeDriverManager.java:12)
at com.feb.drivers.ChromeDriverManager.CreateDriver(ChromeDriverManager.java:12)
at com.feb.drivers.ChromeDriverManager.CreateDriver(ChromeDriverManager.java:12)
at com.feb.drivers.ChromeDriverManager.CreateDriver(ChromeDriverManager.java:12)
at com.feb.drivers.ChromeDriverManager.CreateDriver(ChromeDriverManager.java:12)
at com.feb.drivers.ChromeDriverManager.CreateDriver(ChromeDriverManager.java:12)
at com.feb.drivers.ChromeDriverManager.CreateDriver(ChromeDriverManager.java:12)
at com.feb.drivers.ChromeDriverManager.CreateDriver(ChromeDriverManager.java:12)
at com.feb.drivers.ChromeDriverManager.CreateDriver(ChromeDriverManager.java:12)
at com.feb.drivers.ChromeDriverManager.CreateDriver(ChromeDriverManager.java:12)
at com.feb.drivers.ChromeDriverManager.CreateDriver(ChromeDriverManager.java:12)
at com.feb.drivers.ChromeDriverManager.CreateDriver(ChromeDriverManager.java:12)
at com.feb.drivers.ChromeDriverManager.CreateDriver(ChromeDriverManager.java:12)
at com.feb.drivers.ChromeDriverManager.CreateDriver(ChromeDriverManager.java:12)
at com.feb.drivers.ChromeDriverManager.CreateDriver(ChromeDriverManager.java:12)
at com.feb.drivers.ChromeDriverManager.CreateDriver(ChromeDriverManager.java:12)
at com.feb.drivers.ChromeDriverManager.CreateDriver(ChromeDriverManager.java:12)
at com.feb.drivers.ChromeDriverManager.CreateDriver(ChromeDriverManager.java:12)
at com.feb.drivers.ChromeDriverManager.CreateDriver(ChromeDriverManager.java:12)
at com.feb.drivers.ChromeDriverManager.CreateDriver(ChromeDriverManager.java:12)
at com.feb.drivers.ChromeDriverManager.CreateDriver(ChromeDriverManager.java:12)
at com.feb.drivers.ChromeDriverManager.CreateDriver(ChromeDriverManager.java:12)
at com.feb.drivers.ChromeDriverManager.CreateDriver(ChromeDriverManager.java:12)
at com.feb.drivers.ChromeDriverManager.CreateDriver(ChromeDriverManager.java:12)
at com.feb.drivers.ChromeDriverManager.CreateDriver(ChromeDriverManager.java:12)
at com.feb.drivers.ChromeDriverManager.CreateDriver(ChromeDriverManager.java:12)
at com.feb.drivers.ChromeDriverManager.CreateDriver(ChromeDriverManager.java:12)
at com.feb.drivers.ChromeDriverManager.CreateDriver(ChromeDriverManager.java:12)
at com.feb.drivers.ChromeDriverManager.CreateDriver(ChromeDriverManager.java:12)
at com.feb.drivers.ChromeDriverManager.CreateDriver(ChromeDriverManager.java:12)
at com.feb.drivers.ChromeDriverManager.CreateDriver(ChromeDriverManager.java:12)
at com.feb.drivers.ChromeDriverManager.CreateDriver(ChromeDriverManager.java:12)
at com.feb.drivers.ChromeDriverManager.CreateDriver(ChromeDriverManager.java:12)
at com.feb.drivers.ChromeDriverManager.CreateDriver(ChromeDriverManager.java:12)
at com.feb.drivers.ChromeDriverManager.CreateDriver(ChromeDriverManager.java:12)
at com.feb.drivers.ChromeDriverManager.CreateDriver(ChromeDriverManager.java:12)
at com.feb.drivers.ChromeDriverManager.CreateDriver(ChromeDriverManager.java:12)
at com.feb.drivers.ChromeDriverManager.CreateDriver(ChromeDriverManager.java:12)
at com.feb.drivers.ChromeDriverManager.CreateDriver(ChromeDriverManager.java:12)
at com.feb.drivers.ChromeDriverManager.CreateDriver(ChromeDriverManager.java:12)
at com.feb.drivers.ChromeDriverManager.CreateDriver(ChromeDriverManager.java:12)
at com.feb.drivers.ChromeDriverManager.CreateDriver(ChromeDriverManager.java:12)
at com.feb.drivers.ChromeDriverManager.CreateDriver(ChromeDriverManager.java:12)
at com.feb.drivers.ChromeDriverManager.CreateDriver(ChromeDriverManager.java:12)
at com.feb.drivers.ChromeDriverManager.CreateDriver(ChromeDriverManager.java:12)
at com.feb.drivers.ChromeDriverManager.CreateDriver(ChromeDriverManager.java:12)
at com.feb.drivers.ChromeDriverManager.CreateDriver(ChromeDriverManager.java:12)
at com.feb.drivers.ChromeDriverManager.CreateDriver(ChromeDriverManager.java:12)
at com.feb.drivers.ChromeDriverManager.CreateDriver(ChromeDriverManager.java:12)
at com.feb.drivers.ChromeDriverManager.CreateDriver(ChromeDriverManager.java:12)
at com.feb.drivers.ChromeDriverManager.CreateDriver(ChromeDriverManager.java:12)
at com.feb.drivers.ChromeDriverManager.CreateDriver(ChromeDriverManager.java:12)
at com.feb.drivers.ChromeDriverManager.CreateDriver(ChromeDriverManager.java:12)
at com.feb.drivers.ChromeDriverManager.CreateDriver(ChromeDriverManager.java:12)
at com.feb.drivers.ChromeDriverManager.CreateDriver(ChromeDriverManager.java:12)
at com.feb.drivers.ChromeDriverManager.CreateDriver(ChromeDriverManager.java:12)
at com.feb.drivers.ChromeDriverManager.CreateDriver(ChromeDriverManager.java:12)
at com.feb.drivers.ChromeDriverManager.CreateDriver(ChromeDriverManager.java:12)
at com.feb.drivers.ChromeDriverManager.CreateDriver(ChromeDriverManager.java:12)
at com.feb.drivers.ChromeDriverManager.CreateDriver(ChromeDriverManager.java:12)
at com.feb.drivers.ChromeDriverManager.CreateDriver(ChromeDriverManager.java:12)
at com.feb.drivers.ChromeDriverManager.CreateDriver(ChromeDriverManager.java:12)
at com.feb.drivers.ChromeDriverManager.CreateDriver(ChromeDriverManager.java:12)
at com.feb.drivers.ChromeDriverManager.CreateDriver(ChromeDriverManager.java:12)
at com.feb.drivers.ChromeDriverManager.CreateDriver(ChromeDriverManager.java:12)
at com.feb.drivers.ChromeDriverManager.CreateDriver(ChromeDriverManager.java:12)
at com.feb.drivers.ChromeDriverManager.CreateDriver(ChromeDriverManager.java:12)
at com.feb.drivers.ChromeDriverManager.CreateDriver(ChromeDriverManager.java:12)
at com.feb.drivers.ChromeDriverManager.CreateDriver(ChromeDriverManager.java:12)
at com.feb.drivers.ChromeDriverManager.CreateDriver(ChromeDriverManager.java:12)
at com.feb.drivers.ChromeDriverManager.CreateDriver(ChromeDriverManager.java:12)
at com.feb.drivers.ChromeDriverManager.CreateDriver(ChromeDriverManager.java:12)
at com.feb.drivers.ChromeDriverManager.CreateDriver(ChromeDriverManager.java:12)
at com.feb.drivers.ChromeDriverManager.CreateDriver(ChromeDriverManager.java:12)
at com.feb.drivers.ChromeDriverManager.CreateDriver(ChromeDriverManager.java:12)
at com.feb.drivers.ChromeDriverManager.CreateDriver(ChromeDriverManager.java:12)
at com.feb.drivers.ChromeDriverManager.CreateDriver(ChromeDriverManager.java:12)
at com.feb.drivers.ChromeDriverManager.CreateDriver(ChromeDriverManager.java:12)
at com.feb.drivers.ChromeDriverManager.CreateDriver(ChromeDriverManager.java:12)
at com.feb.drivers.ChromeDriverManager.CreateDriver(ChromeDriverManager.java:12)
at com.feb.drivers.ChromeDriverManager.CreateDriver(ChromeDriverManager.java:12)
at com.feb.drivers.ChromeDriverManager.CreateDriver(ChromeDriverManager.java:12)
at com.feb.drivers.ChromeDriverManager.CreateDriver(ChromeDriverManager.java:12)
at com.feb.drivers.ChromeDriverManager.CreateDriver(ChromeDriverManager.java:12)
at com.feb.drivers.ChromeDriverManager.CreateDriver(ChromeDriverManager.java:12)
at com.feb.drivers.ChromeDriverManager.CreateDriver(ChromeDriverManager.java:12)
at com.feb.drivers.ChromeDriverManager.CreateDriver(ChromeDriverManager.java:12)
at com.feb.drivers.ChromeDriverManager.CreateDriver(ChromeDriverManager.java:12)
at com.feb.drivers.ChromeDriverManager.CreateDriver(ChromeDriverManager.java:12)
at com.feb.drivers.ChromeDriverManager.CreateDriver(ChromeDriverManager.java:12)
at com.feb.drivers.ChromeDriverManager.CreateDriver(ChromeDriverManager.java:12)
at com.feb.drivers.ChromeDriverManager.CreateDriver(ChromeDriverManager.java:12)
at com.feb.drivers.ChromeDriverManager.CreateDriver(ChromeDriverManager.java:12)
at com.feb.drivers.ChromeDriverManager.CreateDriver(ChromeDriverManager.java:12)
at com.feb.drivers.ChromeDriverManager.CreateDriver(ChromeDriverManager.java:12)
at com.feb.drivers.ChromeDriverManager.CreateDriver(ChromeDriverManager.java:12)
at com.feb.drivers.ChromeDriverManager.CreateDriver(ChromeDriverManager.java:12)
at com.feb.drivers.ChromeDriverManager.CreateDriver(ChromeDriverManager.java:12)
at com.feb.drivers.ChromeDriverManager.CreateDriver(ChromeDriverManager.java:12)
at com.feb.drivers.ChromeDriverManager.CreateDriver(ChromeDriverManager.java:12)
at com.feb.drivers.ChromeDriverManager.CreateDriver(ChromeDriverManager.java:12)
at com.feb.drivers.ChromeDriverManager.CreateDriver(ChromeDriverManager.java:12)
at com.feb.drivers.ChromeDriverManager.CreateDriver(ChromeDriverManager.java:12)
at com.feb.drivers.ChromeDriverManager.CreateDriver(ChromeDriverManager.java:12)
at com.feb.drivers.ChromeDriverManager.CreateDriver(ChromeDriverManager.java:12)
at com.feb.drivers.ChromeDriverManager.CreateDriver(ChromeDriverManager.java:12)
at com.feb.drivers.ChromeDriverManager.CreateDriver(ChromeDriverManager.java:12)
at com.feb.drivers.ChromeDriverManager.CreateDriver(ChromeDriverManager.java:12)
at com.feb.drivers.ChromeDriverManager.CreateDriver(ChromeDriverManager.java:12)
at com.feb.drivers.ChromeDriverManager.CreateDriver(ChromeDriverManager.java:12)
at com.feb.drivers.ChromeDriverManager.CreateDriver(ChromeDriverManager.java:12)
at com.feb.drivers.ChromeDriverManager.CreateDriver(ChromeDriverManager.java:12)
at com.feb.drivers.ChromeDriverManager.CreateDriver(ChromeDriverManager.java:12)
at com.feb.drivers.ChromeDriverManager.CreateDriver(ChromeDriverManager.java:12)
at com.feb.drivers.ChromeDriverManager.CreateDriver(ChromeDriverManager.java:12)
at com.feb.drivers.ChromeDriverManager.CreateDriver(ChromeDriverManager.java:12)
at com.feb.drivers.ChromeDriverManager.CreateDriver(ChromeDriverManager.java:12)
at com.feb.drivers.ChromeDriverManager.CreateDriver(ChromeDriverManager.java:12)
at com.feb.drivers.ChromeDriverManager.CreateDriver(ChromeDriverManager.java:12)
at com.feb.drivers.ChromeDriverManager.CreateDriver(ChromeDriverManager.java:12)
at com.feb.drivers.ChromeDriverManager.CreateDriver(ChromeDriverManager.java:12)
at com.feb.drivers.ChromeDriverManager.CreateDriver(ChromeDriverManager.java:12)
at com.feb.drivers.ChromeDriverManager.CreateDriver(ChromeDriverManager.java:12)
at com.feb.drivers.ChromeDriverManager.CreateDriver(ChromeDriverManager.java:12)
at com.feb.drivers.ChromeDriverManager.CreateDriver(ChromeDriverManager.java:12)
at com.feb.drivers.ChromeDriverManager.CreateDriver(ChromeDriverManager.java:12)
at com.feb.drivers.ChromeDriverManager.CreateDriver(ChromeDriverManager.java:12)
at com.feb.drivers.ChromeDriverManager.CreateDriver(ChromeDriverManager.java:12)
at com.feb.drivers.ChromeDriverManager.CreateDriver(ChromeDriverManager.java:12)
at com.feb.drivers.ChromeDriverManager.CreateDriver(ChromeDriverManager.java:12)
at com.feb.drivers.ChromeDriverManager.CreateDriver(ChromeDriverManager.java:12)
at com.feb.drivers.ChromeDriverManager.CreateDriver(ChromeDriverManager.java:12)
at com.feb.drivers.ChromeDriverManager.CreateDriver(ChromeDriverManager.java:12)
at com.feb.drivers.ChromeDriverManager.CreateDriver(ChromeDriverManager.java:12)
at com.feb.drivers.ChromeDriverManager.CreateDriver(ChromeDriverManager.java:12)
at com.feb.drivers.ChromeDriverManager.CreateDriver(ChromeDriverManager.java:12)
at com.feb.drivers.ChromeDriverManager.CreateDriver(ChromeDriverManager.java:12)
at com.feb.drivers.ChromeDriverManager.CreateDriver(ChromeDriverManager.java:12)
at com.feb.drivers.ChromeDriverManager.CreateDriver(ChromeDriverManager.java:12)
at com.feb.drivers.ChromeDriverManager.CreateDriver(ChromeDriverManager.java:12)
at com.feb.drivers.ChromeDriverManager.CreateDriver(ChromeDriverManager.java:12)
at com.feb.drivers.ChromeDriverManager.CreateDriver(ChromeDriverManager.java:12)
at com.feb.drivers.ChromeDriverManager.CreateDriver(ChromeDriverManager.java:12)
at com.feb.drivers.ChromeDriverManager.CreateDriver(ChromeDriverManager.java:12)
at com.feb.drivers.ChromeDriverManager.CreateDriver(ChromeDriverManager.java:12)
at com.feb.drivers.ChromeDriverManager.CreateDriver(ChromeDriverManager.java:12)
at com.feb.drivers.ChromeDriverManager.CreateDriver(ChromeDriverManager.java:12)
at com.feb.drivers.ChromeDriverManager.CreateDriver(ChromeDriverManager.java:12)
at com.feb.drivers.ChromeDriverManager.CreateDriver(ChromeDriverManager.java:12)
at com.feb.drivers.ChromeDriverManager.CreateDriver(ChromeDriverManager.java:12)
at com.feb.drivers.ChromeDriverManager.CreateDriver(ChromeDriverManager.java:12)
at com.feb.drivers.ChromeDriverManager.CreateDriver(ChromeDriverManager.java:12)
at com.feb.drivers.ChromeDriverManager.CreateDriver(ChromeDriverManager.java:12)
at com.feb.drivers.ChromeDriverManager.CreateDriver(ChromeDriverManager.java:12)
at com.feb.drivers.ChromeDriverManager.CreateDriver(ChromeDriverManager.java:12)
at com.feb.drivers.ChromeDriverManager.CreateDriver(ChromeDriverManager.java:12)
at com.feb.drivers.ChromeDriverManager.CreateDriver(ChromeDriverManager.java:12)
at com.feb.drivers.ChromeDriverManager.CreateDriver(ChromeDriverManager.java:12)
at com.feb.drivers.ChromeDriverManager.CreateDriver(ChromeDriverManager.java:12)
at com.feb.drivers.ChromeDriverManager.CreateDriver(ChromeDriverManager.java:12)
at com.feb.drivers.ChromeDriverManager.CreateDriver(ChromeDriverManager.java:12)
at com.feb.drivers.ChromeDriverManager.CreateDriver(ChromeDriverManager.java:12)
at com.feb.drivers.ChromeDriverManager.CreateDriver(ChromeDriverManager.java:12)
at com.feb.drivers.ChromeDriverManager.CreateDriver(ChromeDriverManager.java:12)
at com.feb.drivers.ChromeDriverManager.CreateDriver(ChromeDriverManager.java:12)
at com.feb.drivers.ChromeDriverManager.CreateDriver(ChromeDriverManager.java:12)
at com.feb.drivers.ChromeDriverManager.CreateDriver(ChromeDriverManager.java:12)
at com.feb.drivers.ChromeDriverManager.CreateDriver(ChromeDriverManager.java:12)
at com.feb.drivers.ChromeDriverManager.CreateDriver(ChromeDriverManager.java:12)
at com.feb.drivers.ChromeDriverManager.CreateDriver(ChromeDriverManager.java:12)
at com.feb.drivers.ChromeDriverManager.CreateDriver(ChromeDriverManager.java:12)
at com.feb.drivers.ChromeDriverManager.CreateDriver(ChromeDriverManager.java:12)
at com.feb.drivers.ChromeDriverManager.CreateDriver(ChromeDriverManager.java:12)
at com.feb.drivers.ChromeDriverManager.CreateDriver(ChromeDriverManager.java:12)
at com.feb.drivers.ChromeDriverManager.CreateDriver(ChromeDriverManager.java:12)
at com.feb.drivers.ChromeDriverManager.CreateDriver(ChromeDriverManager.java:12)
at com.feb.drivers.ChromeDriverManager.CreateDriver(ChromeDriverManager.java:12)
at com.feb.drivers.ChromeDriverManager.CreateDriver(ChromeDriverManager.java:12)
at com.feb.drivers.ChromeDriverManager.CreateDriver(ChromeDriverManager.java:12)
at com.feb.drivers.ChromeDriverManager.CreateDriver(ChromeDriverManager.java:12)
at com.feb.drivers.ChromeDriverManager.CreateDriver(ChromeDriverManager.java:12)
at com.feb.drivers.ChromeDriverManager.CreateDriver(ChromeDriverManager.java:12)
at com.feb.drivers.ChromeDriverManager.CreateDriver(ChromeDriverManager.java:12)
at com.feb.drivers.ChromeDriverManager.CreateDriver(ChromeDriverManager.java:12)
at com.feb.drivers.ChromeDriverManager.CreateDriver(ChromeDriverManager.java:12)
at com.feb.drivers.ChromeDriverManager.CreateDriver(ChromeDriverManager.java:12)
at com.feb.drivers.ChromeDriverManager.CreateDriver(ChromeDriverManager.java:12)
at com.feb.drivers.ChromeDriverManager.CreateDriver(ChromeDriverManager.java:12)
at com.feb.drivers.ChromeDriverManager.CreateDriver(ChromeDriverManager.java:12)
at com.feb.drivers.ChromeDriverManager.CreateDriver(ChromeDriverManager.java:12)
at com.feb.drivers.ChromeDriverManager.CreateDriver(ChromeDriverManager.java:12)
at com.feb.drivers.ChromeDriverManager.CreateDriver(ChromeDriverManager.java:12)
at com.feb.drivers.ChromeDriverManager.CreateDriver(ChromeDriverManager.java:12)
at com.feb.drivers.ChromeDriverManager.CreateDriver(ChromeDriverManager.java:12)
at com.feb.drivers.ChromeDriverManager.CreateDriver(ChromeDriverManager.java:12)
at com.feb.drivers.ChromeDriverManager.CreateDriver(ChromeDriverManager.java:12)
at com.feb.drivers.ChromeDriverManager.CreateDriver(ChromeDriverManager.java:12)
at com.feb.drivers.ChromeDriverManager.CreateDriver(ChromeDriverManager.java:12)
at com.feb.drivers.ChromeDriverManager.CreateDriver(ChromeDriverManager.java:12)
at com.feb.drivers.ChromeDriverManager.CreateDriver(ChromeDriverManager.java:12)
at com.feb.drivers.ChromeDriverManager.CreateDriver(ChromeDriverManager.java:12)
at com.feb.drivers.ChromeDriverManager.CreateDriver(ChromeDriverManager.java:12)
at com.feb.drivers.ChromeDriverManager.CreateDriver(ChromeDriverManager.java:12)
at com.feb.drivers.ChromeDriverManager.CreateDriver(ChromeDriverManager.java:12)
at com.feb.drivers.ChromeDriverManager.CreateDriver(ChromeDriverManager.java:12)
at com.feb.drivers.ChromeDriverManager.CreateDriver(ChromeDriverManager.java:12)
at com.feb.drivers.ChromeDriverManager.CreateDriver(ChromeDriverManager.java:12)
at com.feb.drivers.ChromeDriverManager.CreateDriver(ChromeDriverManager.java:12)
at com.feb.drivers.ChromeDriverManager.CreateDriver(ChromeDriverManager.java:12)
at com.feb.drivers.ChromeDriverManager.CreateDriver(ChromeDriverManager.java:12)
at com.feb.drivers.ChromeDriverManager.CreateDriver(ChromeDriverManager.java:12)
at com.feb.drivers.ChromeDriverManager.CreateDriver(ChromeDriverManager.java:12)
at com.feb.drivers.ChromeDriverManager.CreateDriver(ChromeDriverManager.java:12)
at com.feb.drivers.ChromeDriverManager.CreateDriver(ChromeDriverManager.java:12)
at com.feb.drivers.ChromeDriverManager.CreateDriver(ChromeDriverManager.java:12)
at com.feb.drivers.ChromeDriverManager.CreateDriver(ChromeDriverManager.java:12)
at com.feb.drivers.ChromeDriverManager.CreateDriver(ChromeDriverManager.java:12)
at com.feb.drivers.ChromeDriverManager.CreateDriver(ChromeDriverManager.java:12)
at com.feb.drivers.ChromeDriverManager.CreateDriver(ChromeDriverManager.java:12)
at com.feb.drivers.ChromeDriverManager.CreateDriver(ChromeDriverManager.java:12)
at com.feb.drivers.ChromeDriverManager.CreateDriver(ChromeDriverManager.java:12)
at com.feb.drivers.ChromeDriverManager.CreateDriver(ChromeDriverManager.java:12)
at com.feb.drivers.ChromeDriverManager.CreateDriver(ChromeDriverManager.java:12)
at com.feb.drivers.ChromeDriverManager.CreateDriver(ChromeDriverManager.java:12)
at com.feb.drivers.ChromeDriverManager.CreateDriver(ChromeDriverManager.java:12)
at com.feb.drivers.ChromeDriverManager.CreateDriver(ChromeDriverManager.java:12)
at com.feb.drivers.ChromeDriverManager.CreateDriver(ChromeDriverManager.java:12)
at com.feb.drivers.ChromeDriverManager.CreateDriver(ChromeDriverManager.java:12)
at com.feb.drivers.ChromeDriverManager.CreateDriver(ChromeDriverManager.java:12)
at com.feb.drivers.ChromeDriverManager.CreateDriver(ChromeDriverManager.java:12)
at com.feb.drivers.ChromeDriverManager.CreateDriver(ChromeDriverManager.java:12)
at com.feb.drivers.ChromeDriverManager.CreateDriver(ChromeDriverManager.java:12)
at com.feb.drivers.ChromeDriverManager.CreateDriver(ChromeDriverManager.java:12)
at com.feb.drivers.ChromeDriverManager.CreateDriver(ChromeDriverManager.java:12)
at com.feb.drivers.ChromeDriverManager.CreateDriver(ChromeDriverManager.java:12)
at com.feb.drivers.ChromeDriverManager.CreateDriver(ChromeDriverManager.java:12)
at com.feb.drivers.ChromeDriverManager.CreateDriver(ChromeDriverManager.java:12)
at com.feb.drivers.ChromeDriverManager.CreateDriver(ChromeDriverManager.java:12)
at com.feb.drivers.ChromeDriverManager.CreateDriver(ChromeDriverManager.java:12)
at com.feb.drivers.ChromeDriverManager.CreateDriver(ChromeDriverManager.java:12)
at com.feb.drivers.ChromeDriverManager.CreateDriver(ChromeDriverManager.java:12)
at com.feb.drivers.ChromeDriverManager.CreateDriver(ChromeDriverManager.java:12)
at com.feb.drivers.ChromeDriverManager.CreateDriver(ChromeDriverManager.java:12)
at com.feb.drivers.ChromeDriverManager.CreateDriver(ChromeDriverManager.java:12)
at com.feb.drivers.ChromeDriverManager.CreateDriver(ChromeDriverManager.java:12)
at com.feb.drivers.ChromeDriverManager.CreateDriver(ChromeDriverManager.java:12)
at com.feb.drivers.ChromeDriverManager.CreateDriver(ChromeDriverManager.java:12)
at com.feb.drivers.ChromeDriverManager.CreateDriver(ChromeDriverManager.java:12)
at com.feb.drivers.ChromeDriverManager.CreateDriver(ChromeDriverManager.java:12)
at com.feb.drivers.ChromeDriverManager.CreateDriver(ChromeDriverManager.java:12)
at com.feb.drivers.ChromeDriverManager.CreateDriver(ChromeDriverManager.java:12)
at com.feb.drivers.ChromeDriverManager.CreateDriver(ChromeDriverManager.java:12)
at com.feb.drivers.ChromeDriverManager.CreateDriver(ChromeDriverManager.java:12)
at com.feb.drivers.ChromeDriverManager.CreateDriver(ChromeDriverManager.java:12)
at com.feb.drivers.ChromeDriverManager.CreateDriver(ChromeDriverManager.java:12)
at com.feb.drivers.ChromeDriverManager.CreateDriver(ChromeDriverManager.java:12)
at com.feb.drivers.ChromeDriverManager.CreateDriver(ChromeDriverManager.java:12)
at com.feb.drivers.ChromeDriverManager.CreateDriver(ChromeDriverManager.java:12)
at com.feb.drivers.ChromeDriverManager.CreateDriver(ChromeDriverManager.java:12)
at com.feb.drivers.ChromeDriverManager.CreateDriver(ChromeDriverManager.java:12)
at com.feb.drivers.ChromeDriverManager.CreateDriver(ChromeDriverManager.java:12)
at com.feb.drivers.ChromeDriverManager.CreateDriver(ChromeDriverManager.java:12)
at com.feb.drivers.ChromeDriverManager.CreateDriver(ChromeDriverManager.java:12)
at com.feb.drivers.ChromeDriverManager.CreateDriver(ChromeDriverManager.java:12)
at com.feb.drivers.ChromeDriverManager.CreateDriver(ChromeDriverManager.java:12)
at com.feb.drivers.ChromeDriverManager.CreateDriver(ChromeDriverManager.java:12)
at com.feb.drivers.ChromeDriverManager.CreateDriver(ChromeDriverManager.java:12)
at com.feb.drivers.ChromeDriverManager.CreateDriver(ChromeDriverManager.java:12)
at com.feb.drivers.ChromeDriverManager.CreateDriver(ChromeDriverManager.java:12)
at com.feb.drivers.ChromeDriverManager.CreateDriver(ChromeDriverManager.java:12)
at com.feb.drivers.ChromeDriverManager.CreateDriver(ChromeDriverManager.java:12)
at com.feb.drivers.ChromeDriverManager.CreateDriver(ChromeDriverManager.java:12)
at com.feb.drivers.ChromeDriverManager.CreateDriver(ChromeDriverManager.java:12)
at com.feb.drivers.ChromeDriverManager.CreateDriver(ChromeDriverManager.java:12)
at com.feb.drivers.ChromeDriverManager.CreateDriver(ChromeDriverManager.java:12)
at com.feb.drivers.ChromeDriverManager.CreateDriver(ChromeDriverManager.java:12)
[...]
at com.feb.drivers.ChromeDriverManager.CreateDriver(ChromeDriverManager.java:12)
at com.feb.drivers.ChromeDriverManager.CreateDriver(ChromeDriverManager.java:12)
at com.feb.drivers.ChromeDriverManager.CreateDriver(ChromeDriverManager.java:12)
at com.feb.drivers.ChromeDriverManager.CreateDriver(ChromeDriverManager.java:12)
at com.feb.drivers.ChromeDriverManager.CreateDriver(ChromeDriverManager.java:12)
at com.feb.drivers.ChromeDriverManager.CreateDriver(ChromeDriverManager.java:12)
at com.feb.drivers.ChromeDriverManager.CreateDriver(ChromeDriverManager.java:12)
at com.feb.drivers.ChromeDriverManager.CreateDriver(ChromeDriverManager.java:12)
at com.feb.drivers.ChromeDriverManager.CreateDriver(ChromeDriverManager.java:12)
at com.feb.drivers.ChromeDriverManager.CreateDriver(ChromeDriverManager.java:12)
at com.feb.drivers.ChromeDriverManager.CreateDriver(ChromeDriverManager.java:12)
at com.feb.drivers.ChromeDriverManager.CreateDriver(ChromeDriverManager.java:12)
at com.feb.drivers.ChromeDriverManager.CreateDriver(ChromeDriverManager.java:12)
at com.feb.drivers.ChromeDriverManager.CreateDriver(ChromeDriverManager.java:12)
at com.feb.drivers.ChromeDriverManager.CreateDriver(ChromeDriverManager.java:12)
at com.feb.drivers.ChromeDriverManager.CreateDriver(ChromeDriverManager.java:12)
at com.feb.drivers.ChromeDriverManager.CreateDriver(ChromeDriverManager.java:12)
at com.feb.drivers.ChromeDriverManager.CreateDriver(ChromeDriverManager.java:12)
at com.feb.drivers.ChromeDriverManager.CreateDriver(ChromeDriverManager.java:12)
at com.feb.drivers.ChromeDriverManager.CreateDriver(ChromeDriverManager.java:12)
at com.feb.drivers.ChromeDriverManager.CreateDriver(ChromeDriverManager.java:12)
at com.feb.drivers.ChromeDriverManager.CreateDriver(ChromeDriverManager.java:12)
at com.feb.drivers.ChromeDriverManager.CreateDriver(ChromeDriverManager.java:12)
at com.feb.drivers.ChromeDriverManager.CreateDriver(ChromeDriverManager.java:12)
at com.feb.drivers.ChromeDriverManager.CreateDriver(ChromeDriverManager.java:12)
at com.feb.drivers.ChromeDriverManager.CreateDriver(ChromeDriverManager.java:12)
at com.feb.drivers.ChromeDriverManager.CreateDriver(ChromeDriverManager.java:12)
at com.feb.drivers.ChromeDriverManager.CreateDriver(ChromeDriverManager.java:12)
at com.feb.drivers.ChromeDriverManager.CreateDriver(ChromeDriverManager.java:12)
at com.feb.drivers.ChromeDriverManager.CreateDriver(ChromeDriverManager.java:12)
at com.feb.drivers.ChromeDriverManager.CreateDriver(ChromeDriverManager.java:12)
at com.feb.drivers.ChromeDriverManager.CreateDriver(ChromeDriverManager.java:12)
at com.feb.drivers.ChromeDriverManager.CreateDriver(ChromeDriverManager.java:12)
at com.feb.drivers.ChromeDriverManager.CreateDriver(ChromeDriverManager.java:12)
at com.feb.drivers.ChromeDriverManager.CreateDriver(ChromeDriverManager.java:12)
at com.feb.drivers.ChromeDriverManager.CreateDriver(ChromeDriverManager.java:12)
at com.feb.drivers.ChromeDriverManager.CreateDriver(ChromeDriverManager.java:12)
at com.feb.drivers.ChromeDriverManager.CreateDriver(ChromeDriverManager.java:12)
at com.feb.drivers.ChromeDriverManager.CreateDriver(ChromeDriverManager.java:12)
at com.feb.drivers.ChromeDriverManager.CreateDriver(ChromeDriverManager.java:12)
at com.feb.drivers.ChromeDriverManager.CreateDriver(ChromeDriverManager.java:12)
at com.feb.drivers.ChromeDriverManager.CreateDriver(ChromeDriverManager.java:12)
at com.feb.drivers.ChromeDriverManager.CreateDriver(ChromeDriverManager.java:12)
at com.feb.drivers.ChromeDriverManager.CreateDriver(ChromeDriverManager.java:12)
at com.feb.drivers.ChromeDriverManager.CreateDriver(ChromeDriverManager.java:12)
at com.feb.drivers.ChromeDriverManager.CreateDriver(ChromeDriverManager.java:12)
at com.feb.drivers.ChromeDriverManager.CreateDriver(ChromeDriverManager.java:12)
at com.feb.drivers.ChromeDriverManager.CreateDriver(ChromeDriverManager.java:12)
at com.feb.drivers.ChromeDriverManager.CreateDriver(ChromeDriverManager.java:12)
at com.feb.drivers.ChromeDriverManager.CreateDriver(ChromeDriverManager.java:12)
at com.feb.drivers.ChromeDriverManager.CreateDriver(ChromeDriverManager.java:12)
at com.feb.drivers.ChromeDriverManager.CreateDriver(ChromeDriverManager.java:12)
at com.feb.drivers.ChromeDriverManager.CreateDriver(ChromeDriverManager.java:12)
at com.feb.drivers.ChromeDriverManager.CreateDriver(ChromeDriverManager.java:12)
at com.feb.drivers.ChromeDriverManager.CreateDriver(ChromeDriverManager.java:12)
at com.feb.drivers.ChromeDriverManager.CreateDriver(ChromeDriverManager.java:12)
at com.feb.drivers.ChromeDriverManager.CreateDriver(ChromeDriverManager.java:12)
at com.feb.drivers.ChromeDriverManager.CreateDriver(ChromeDriverManager.java:12)
at com.feb.drivers.ChromeDriverManager.CreateDriver(ChromeDriverManager.java:12)
at com.feb.drivers.ChromeDriverManager.CreateDriver(ChromeDriverManager.java:12)
at com.feb.drivers.ChromeDriverManager.CreateDriver(ChromeDriverManager.java:12)
at com.feb.drivers.ChromeDriverManager.CreateDriver(ChromeDriverManager.java:12)
at com.feb.drivers.ChromeDriverManager.CreateDriver(ChromeDriverManager.java:12)
at com.feb.drivers.ChromeDriverManager.CreateDriver(ChromeDriverManager.java:12)
at com.feb.drivers.ChromeDriverManager.CreateDriver(ChromeDriverManager.java:12)
at com.feb.drivers.ChromeDriverManager.CreateDriver(ChromeDriverManager.java:12)
at com.feb.drivers.ChromeDriverManager.CreateDriver(ChromeDriverManager.java:12)
at com.feb.drivers.ChromeDriverManager.CreateDriver(ChromeDriverManager.java:12)
at com.feb.drivers.ChromeDriverManager.CreateDriver(ChromeDriverManager.java:12)
at com.feb.drivers.ChromeDriverManager.CreateDriver(ChromeDriverManager.java:12)
at com.feb.drivers.ChromeDriverManager.CreateDriver(ChromeDriverManager.java:12)
at com.feb.drivers.ChromeDriverManager.CreateDriver(ChromeDriverManager.java:12)
at com.feb.drivers.ChromeDriverManager.CreateDriver(ChromeDriverManager.java:12)
at com.feb.drivers.ChromeDriverManager.CreateDriver(ChromeDriverManager.java:12)
at com.feb.drivers.ChromeDriverManager.CreateDriver(ChromeDriverManager.java:12)
at com.feb.drivers.ChromeDriverManager.CreateDriver(ChromeDriverManager.java:12)
at com.feb.drivers.ChromeDriverManager.CreateDriver(ChromeDriverManager.java:12)
at com.feb.drivers.ChromeDriverManager.CreateDriver(ChromeDriverManager.java:12)
at com.feb.drivers.ChromeDriverManager.CreateDriver(ChromeDriverManager.java:12)
at com.feb.drivers.ChromeDriverManager.CreateDriver(ChromeDriverManager.java:12)
at com.feb.drivers.ChromeDriverManager.CreateDriver(ChromeDriverManager.java:12)
at com.feb.drivers.ChromeDriverManager.CreateDriver(ChromeDriverManager.java:12)
at com.feb.drivers.ChromeDriverManager.CreateDriver(ChromeDriverManager.java:12)
at com.feb.drivers.ChromeDriverManager.CreateDriver(ChromeDriverManager.java:12)
at com.feb.drivers.ChromeDriverManager.CreateDriver(ChromeDriverManager.java:12)
at com.feb.drivers.ChromeDriverManager.CreateDriver(ChromeDriverManager.java:12)
at com.feb.drivers.ChromeDriverManager.CreateDriver(ChromeDriverManager.java:12)
at com.feb.drivers.ChromeDriverManager.CreateDriver(ChromeDriverManager.java:12)
at com.feb.drivers.ChromeDriverManager.CreateDriver(ChromeDriverManager.java:12)
at com.feb.drivers.ChromeDriverManager.CreateDriver(ChromeDriverManager.java:12)
at com.feb.drivers.ChromeDriverManager.CreateDriver(ChromeDriverManager.java:12)
at com.feb.drivers.ChromeDriverManager.CreateDriver(ChromeDriverManager.java:12)
at com.feb.drivers.ChromeDriverManager.CreateDriver(ChromeDriverManager.java:12)
at com.feb.drivers.ChromeDriverManager.CreateDriver(ChromeDriverManager.java:12)
at com.feb.drivers.ChromeDriverManager.CreateDriver(ChromeDriverManager.java:12)
at com.feb.drivers.ChromeDriverManager.CreateDriver(ChromeDriverManager.java:12)
at com.feb.drivers.ChromeDriverManager.CreateDriver(ChromeDriverManager.java:12)
at com.feb.drivers.ChromeDriverManager.CreateDriver(ChromeDriverManager.java:12)
at com.feb.drivers.ChromeDriverManager.CreateDriver(ChromeDriverManager.java:12)
at com.feb.drivers.ChromeDriverManager.CreateDriver(ChromeDriverManager.java:12)
at com.feb.drivers.ChromeDriverManager.CreateDriver(ChromeDriverManager.java:12)
at com.feb.drivers.ChromeDriverManager.CreateDriver(ChromeDriverManager.java:12)
at com.feb.drivers.ChromeDriverManager.CreateDriver(ChromeDriverManager.java:12)
at com.feb.drivers.ChromeDriverManager.CreateDriver(ChromeDriverManager.java:12)
at com.feb.drivers.ChromeDriverManager.CreateDriver(ChromeDriverManager.java:12)
at com.feb.drivers.ChromeDriverManager.CreateDriver(ChromeDriverManager.java:12)
at com.feb.drivers.ChromeDriverManager.CreateDriver(ChromeDriverManager.java:12)
at com.feb.drivers.ChromeDriverManager.CreateDriver(ChromeDriverManager.java:12)
at com.feb.drivers.ChromeDriverManager.CreateDriver(ChromeDriverManager.java:12)
at com.feb.drivers.ChromeDriverManager.CreateDriver(ChromeDriverManager.java:12)
at com.feb.drivers.ChromeDriverManager.CreateDriver(ChromeDriverManager.java:12)
at com.feb.drivers.ChromeDriverManager.CreateDriver(ChromeDriverManager.java:12)
at com.feb.drivers.ChromeDriverManager.CreateDriver(ChromeDriverManager.java:12)
at com.feb.drivers.ChromeDriverManager.CreateDriver(ChromeDriverManager.java:12)
at com.feb.drivers.ChromeDriverManager.CreateDriver(ChromeDriverManager.java:12)
at com.feb.drivers.ChromeDriverManager.CreateDriver(ChromeDriverManager.java:12)
at com.feb.drivers.ChromeDriverManager.CreateDriver(ChromeDriverManager.java:12)
at com.feb.drivers.ChromeDriverManager.CreateDriver(ChromeDriverManager.java:12)
at com.feb.drivers.ChromeDriverManager.CreateDriver(ChromeDriverManager.java:12)
at com.feb.drivers.ChromeDriverManager.CreateDriver(ChromeDriverManager.java:12)
at com.feb.drivers.ChromeDriverManager.CreateDriver(ChromeDriverManager.java:12)
at com.feb.drivers.ChromeDriverManager.CreateDriver(ChromeDriverManager.java:12)
at com.feb.drivers.ChromeDriverManager.CreateDriver(ChromeDriverManager.java:12)
at com.feb.drivers.ChromeDriverManager.CreateDriver(ChromeDriverManager.java:12)
at com.feb.drivers.ChromeDriverManager.CreateDriver(ChromeDriverManager.java:12)
at com.feb.drivers.ChromeDriverManager.CreateDriver(ChromeDriverManager.java:12)
at com.feb.drivers.ChromeDriverManager.CreateDriver(ChromeDriverManager.java:12)
at com.feb.drivers.ChromeDriverManager.CreateDriver(ChromeDriverManager.java:12)
at com.feb.drivers.ChromeDriverManager.CreateDriver(ChromeDriverManager.java:12)
at com.feb.drivers.ChromeDriverManager.CreateDriver(ChromeDriverManager.java:12)
at com.feb.drivers.ChromeDriverManager.CreateDriver(ChromeDriverManager.java:12)
at com.feb.drivers.ChromeDriverManager.CreateDriver(ChromeDriverManager.java:12)
at com.feb.drivers.ChromeDriverManager.CreateDriver(ChromeDriverManager.java:12)
at com.feb.drivers.ChromeDriverManager.CreateDriver(ChromeDriverManager.java:12)
at com.feb.drivers.ChromeDriverManager.CreateDriver(ChromeDriverManager.java:12)
at com.feb.drivers.ChromeDriverManager.CreateDriver(ChromeDriverManager.java:12)
at com.feb.drivers.ChromeDriverManager.CreateDriver(ChromeDriverManager.java:12)
at com.feb.drivers.ChromeDriverManager.CreateDriver(ChromeDriverManager.java:12)
at com.feb.drivers.ChromeDriverManager.CreateDriver(ChromeDriverManager.java:12)
at com.feb.drivers.ChromeDriverManager.CreateDriver(ChromeDriverManager.java:12)
at com.feb.drivers.ChromeDriverManager.CreateDriver(ChromeDriverManager.java:12)
at com.feb.drivers.ChromeDriverManager.CreateDriver(ChromeDriverManager.java:12)
at com.feb.drivers.ChromeDriverManager.CreateDriver(ChromeDriverManager.java:12)
at com.feb.drivers.ChromeDriverManager.CreateDriver(ChromeDriverManager.java:12)
at com.feb.drivers.ChromeDriverManager.CreateDriver(ChromeDriverManager.java:12)
at com.feb.drivers.ChromeDriverManager.CreateDriver(ChromeDriverManager.java:12)
at com.feb.drivers.ChromeDriverManager.CreateDriver(ChromeDriverManager.java:12)
at com.feb.drivers.ChromeDriverManager.CreateDriver(ChromeDriverManager.java:12)
at com.feb.drivers.ChromeDriverManager.CreateDriver(ChromeDriverManager.java:12)
at com.feb.drivers.ChromeDriverManager.CreateDriver(ChromeDriverManager.java:12)
at com.feb.drivers.ChromeDriverManager.CreateDriver(ChromeDriverManager.java:12)
at com.feb.drivers.ChromeDriverManager.CreateDriver(ChromeDriverManager.java:12)
at com.feb.drivers.ChromeDriverManager.CreateDriver(ChromeDriverManager.java:12)
at com.feb.drivers.ChromeDriverManager.CreateDriver(ChromeDriverManager.java:12)
at com.feb.drivers.ChromeDriverManager.CreateDriver(ChromeDriverManager.java:12)
at com.feb.drivers.ChromeDriverManager.CreateDriver(ChromeDriverManager.java:12)
at com.feb.drivers.ChromeDriverManager.CreateDriver(ChromeDriverManager.java:12)
at com.feb.drivers.ChromeDriverManager.CreateDriver(ChromeDriverManager.java:12)
at com.feb.drivers.ChromeDriverManager.CreateDriver(ChromeDriverManager.java:12)
at com.feb.drivers.ChromeDriverManager.CreateDriver(ChromeDriverManager.java:12)
at com.feb.drivers.ChromeDriverManager.CreateDriver(ChromeDriverManager.java:12)
at com.feb.drivers.ChromeDriverManager.CreateDriver(ChromeDriverManager.java:12)
at com.feb.drivers.ChromeDriverManager.CreateDriver(ChromeDriverManager.java:12)
at com.feb.drivers.ChromeDriverManager.CreateDriver(ChromeDriverManager.java:12)
at com.feb.drivers.ChromeDriverManager.CreateDriver(ChromeDriverManager.java:12)
at com.feb.drivers.ChromeDriverManager.CreateDriver(ChromeDriverManager.java:12)
at com.feb.drivers.ChromeDriverManager.CreateDriver(ChromeDriverManager.java:12)
at com.feb.drivers.ChromeDriverManager.CreateDriver(ChromeDriverManager.java:12)
at com.feb.drivers.ChromeDriverManager.CreateDriver(ChromeDriverManager.java:12)
at com.feb.drivers.ChromeDriverManager.CreateDriver(ChromeDriverManager.java:12)
at com.feb.drivers.ChromeDriverManager.CreateDriver(ChromeDriverManager.java:12)
at com.feb.drivers.ChromeDriverManager.CreateDriver(ChromeDriverManager.java:12)
at com.feb.drivers.ChromeDriverManager.CreateDriver(ChromeDriverManager.java:12)
at com.feb.drivers.ChromeDriverManager.CreateDriver(ChromeDriverManager.java:12)
at com.feb.drivers.ChromeDriverManager.CreateDriver(ChromeDriverManager.java:12)
at com.feb.drivers.ChromeDriverManager.CreateDriver(ChromeDriverManager.java:12)
at com.feb.drivers.ChromeDriverManager.CreateDriver(ChromeDriverManager.java:12)
at com.feb.drivers.ChromeDriverManager.CreateDriver(ChromeDriverManager.java:12)
at com.feb.drivers.ChromeDriverManager.CreateDriver(ChromeDriverManager.java:12)
at com.feb.drivers.ChromeDriverManager.CreateDriver(ChromeDriverManager.java:12)
at com.feb.drivers.ChromeDriverManager.CreateDriver(ChromeDriverManager.java:12)
at com.feb.drivers.ChromeDriverManager.CreateDriver(ChromeDriverManager.java:12)
at com.feb.drivers.ChromeDriverManager.CreateDriver(ChromeDriverManager.java:12)
at com.feb.drivers.ChromeDriverManager.CreateDriver(ChromeDriverManager.java:12)
at com.feb.drivers.ChromeDriverManager.CreateDriver(ChromeDriverManager.java:12)
at com.feb.drivers.ChromeDriverManager.CreateDriver(ChromeDriverManager.java:12)
at com.feb.drivers.ChromeDriverManager.CreateDriver(ChromeDriverManager.java:12)
at com.feb.drivers.ChromeDriverManager.CreateDriver(ChromeDriverManager.java:12)
at com.feb.drivers.ChromeDriverManager.CreateDriver(ChromeDriverManager.java:12)
at com.feb.drivers.ChromeDriverManager.CreateDriver(ChromeDriverManager.java:12)
at com.feb.drivers.ChromeDriverManager.CreateDriver(ChromeDriverManager.java:12)
at com.feb.drivers.ChromeDriverManager.CreateDriver(ChromeDriverManager.java:12)
at com.feb.drivers.ChromeDriverManager.CreateDriver(ChromeDriverManager.java:12)
at com.feb.drivers.ChromeDriverManager.CreateDriver(ChromeDriverManager.java:12)
at com.feb.drivers.ChromeDriverManager.CreateDriver(ChromeDriverManager.java:12)
at com.feb.drivers.ChromeDriverManager.CreateDriver(ChromeDriverManager.java:12)
at com.feb.drivers.ChromeDriverManager.CreateDriver(ChromeDriverManager.java:12)
at com.feb.drivers.ChromeDriverManager.CreateDriver(ChromeDriverManager.java:12)
at com.feb.drivers.ChromeDriverManager.CreateDriver(ChromeDriverManager.java:12)
at com.feb.drivers.ChromeDriverManager.CreateDriver(ChromeDriverManager.java:12)
at com.feb.drivers.ChromeDriverManager.CreateDriver(ChromeDriverManager.java:12)
at com.feb.drivers.ChromeDriverManager.CreateDriver(ChromeDriverManager.java:12)
at com.feb.drivers.ChromeDriverManager.CreateDriver(ChromeDriverManager.java:12)
at com.feb.drivers.ChromeDriverManager.CreateDriver(ChromeDriverManager.java:12)
at com.feb.drivers.ChromeDriverManager.CreateDriver(ChromeDriverManager.java:12)
at com.feb.drivers.ChromeDriverManager.CreateDriver(ChromeDriverManager.java:12)
at com.feb.drivers.ChromeDriverManager.CreateDriver(ChromeDriverManager.java:12)
at com.feb.drivers.ChromeDriverManager.CreateDriver(ChromeDriverManager.java:12)
at com.feb.drivers.ChromeDriverManager.CreateDriver(ChromeDriverManager.java:12)
at com.feb.drivers.ChromeDriverManager.CreateDriver(ChromeDriverManager.java:12)
at com.feb.drivers.ChromeDriverManager.CreateDriver(ChromeDriverManager.java:12)
at com.feb.drivers.ChromeDriverManager.CreateDriver(ChromeDriverManager.java:12)
at com.feb.drivers.ChromeDriverManager.CreateDriver(ChromeDriverManager.java:12)
at com.feb.drivers.ChromeDriverManager.CreateDriver(ChromeDriverManager.java:12)
at com.feb.drivers.ChromeDriverManager.CreateDriver(ChromeDriverManager.java:12)
at com.feb.drivers.ChromeDriverManager.CreateDriver(ChromeDriverManager.java:12)
at com.feb.drivers.ChromeDriverManager.CreateDriver(ChromeDriverManager.java:12)
at com.feb.drivers.ChromeDriverManager.CreateDriver(ChromeDriverManager.java:12)
at com.feb.drivers.ChromeDriverManager.CreateDriver(ChromeDriverManager.java:12)
at com.feb.drivers.ChromeDriverManager.CreateDriver(ChromeDriverManager.java:12)
at com.feb.drivers.ChromeDriverManager.CreateDriver(ChromeDriverManager.java:12)
at com.feb.drivers.ChromeDriverManager.CreateDriver(ChromeDriverManager.java:12)
at com.feb.drivers.ChromeDriverManager.CreateDriver(ChromeDriverManager.java:12)
at com.feb.drivers.ChromeDriverManager.CreateDriver(ChromeDriverManager.java:12)
at com.feb.drivers.ChromeDriverManager.CreateDriver(ChromeDriverManager.java:12)
at com.feb.drivers.ChromeDriverManager.CreateDriver(ChromeDriverManager.java:12)
at com.feb.drivers.ChromeDriverManager.CreateDriver(ChromeDriverManager.java:12)
at com.feb.drivers.ChromeDriverManager.CreateDriver(ChromeDriverManager.java:12)
at com.feb.drivers.ChromeDriverManager.CreateDriver(ChromeDriverManager.java:12)
at com.feb.drivers.ChromeDriverManager.CreateDriver(ChromeDriverManager.java:12)
at com.feb.drivers.ChromeDriverManager.CreateDriver(ChromeDriverManager.java:12)
at com.feb.drivers.ChromeDriverManager.CreateDriver(ChromeDriverManager.java:12)
at com.feb.drivers.ChromeDriverManager.CreateDriver(ChromeDriverManager.java:12)
at com.feb.drivers.ChromeDriverManager.CreateDriver(ChromeDriverManager.java:12)
at com.feb.drivers.ChromeDriverManager.CreateDriver(ChromeDriverManager.java:12)
]]>
            </full-stacktrace>
          </exception> <!-- java.lang.StackOverflowError -->
          <reporter-output>
          </reporter-output>
        </test-method> <!-- Login -->
        <test-method is-config="true" signature="afterTest()[pri:0, instance:com.pom.feb.automation.SmokeTest@45099dd3]" started-at="2023-02-22T22:49:49 IST" name="afterTest" finished-at="2023-02-22T22:49:49 IST" duration-ms="0" status="SKIP">
          <reporter-output>
          </reporter-output>
        </test-method> <!-- afterTest -->
      </class> <!-- com.pom.feb.automation.SmokeTest -->
    </test> <!-- Default test -->
  </suite> <!-- Default suite -->
</testng-results>
